-------------------------------------------------------------------------------
Test set: com.hotelbay.RunCucumberTest
-------------------------------------------------------------------------------
Tests run: 37, Failures: 0, Errors: 34, Skipped: 0, Time elapsed: 0.407 s <<< FAILURE! -- in com.hotelbay.RunCucumberTest
com.hotelbay.RunCucumberTest.Hotel Administration - Create hotel -- Time elapsed: 0.117 s <<< ERROR!
io.cucumber.junit.platform.engine.UndefinedStepException: 
The step 'an administrator is authenticated' and 3 other step(s) are undefined.
You can implement these steps using the snippet(s) below:

@Given("an administrator is authenticated")
public void an_administrator_is_authenticated() {
    // Write code here that turns the phrase above into concrete actions
    throw new io.cucumber.java.PendingException();
}
@When("the administrator submits a request to create a new hotel with name, description, location, and contact information")
public void the_administrator_submits_a_request_to_create_a_new_hotel_with_name_description_location_and_contact_information() {
    // Write code here that turns the phrase above into concrete actions
    throw new io.cucumber.java.PendingException();
}
@Then("the system should store the hotel information")
public void the_system_should_store_the_hotel_information() {
    // Write code here that turns the phrase above into concrete actions
    throw new io.cucumber.java.PendingException();
}
@Then("the system should return the created hotel details")
public void the_system_should_return_the_created_hotel_details() {
    // Write code here that turns the phrase above into concrete actions
    throw new io.cucumber.java.PendingException();
}

	at ✽.an administrator is authenticated(classpath:com/hotelbay/Hotel.feature:4)

com.hotelbay.RunCucumberTest.Hotel Administration - Update hotel information -- Time elapsed: 0.006 s <<< ERROR!
io.cucumber.junit.platform.engine.UndefinedStepException: 
The step 'a hotel already exists in the system' and 2 other step(s) are undefined.
You can implement these steps using the snippet(s) below:

@Given("a hotel already exists in the system")
public void a_hotel_already_exists_in_the_system() {
    // Write code here that turns the phrase above into concrete actions
    throw new io.cucumber.java.PendingException();
}
@When("the administrator updates the hotel description or contact information")
public void the_administrator_updates_the_hotel_description_or_contact_information() {
    // Write code here that turns the phrase above into concrete actions
    throw new io.cucumber.java.PendingException();
}
@Then("the system should save the updated hotel information")
public void the_system_should_save_the_updated_hotel_information() {
    // Write code here that turns the phrase above into concrete actions
    throw new io.cucumber.java.PendingException();
}

	at ✽.a hotel already exists in the system(classpath:com/hotelbay/Hotel.feature:10)

com.hotelbay.RunCucumberTest.Hotel Administration - Activate hotel -- Time elapsed: 0.006 s <<< ERROR!
io.cucumber.junit.platform.engine.UndefinedStepException: 
The step 'a hotel exists but is inactive' and 2 other step(s) are undefined.
You can implement these steps using the snippet(s) below:

@Given("a hotel exists but is inactive")
public void a_hotel_exists_but_is_inactive() {
    // Write code here that turns the phrase above into concrete actions
    throw new io.cucumber.java.PendingException();
}
@When("the administrator activates the hotel")
public void the_administrator_activates_the_hotel() {
    // Write code here that turns the phrase above into concrete actions
    throw new io.cucumber.java.PendingException();
}
@Then("the hotel should become available for room searches and reservations")
public void the_hotel_should_become_available_for_room_searches_and_reservations() {
    // Write code here that turns the phrase above into concrete actions
    throw new io.cucumber.java.PendingException();
}

	at ✽.a hotel exists but is inactive(classpath:com/hotelbay/Hotel.feature:15)

com.hotelbay.RunCucumberTest.Hotel Administration - Deactivate hotel -- Time elapsed: 0.007 s <<< ERROR!
io.cucumber.junit.platform.engine.UndefinedStepException: 
The step 'a hotel exists and is active' and 3 other step(s) are undefined.
You can implement these steps using the snippet(s) below:

@Given("a hotel exists and is active")
public void a_hotel_exists_and_is_active() {
    // Write code here that turns the phrase above into concrete actions
    throw new io.cucumber.java.PendingException();
}
@When("the administrator deactivates the hotel")
public void the_administrator_deactivates_the_hotel() {
    // Write code here that turns the phrase above into concrete actions
    throw new io.cucumber.java.PendingException();
}
@Then("the hotel should become unavailable for new reservations")
public void the_hotel_should_become_unavailable_for_new_reservations() {
    // Write code here that turns the phrase above into concrete actions
    throw new io.cucumber.java.PendingException();
}
@Then("existing reservations should remain valid")
public void existing_reservations_should_remain_valid() {
    // Write code here that turns the phrase above into concrete actions
    throw new io.cucumber.java.PendingException();
}

	at ✽.a hotel exists and is active(classpath:com/hotelbay/Hotel.feature:20)

com.hotelbay.RunCucumberTest.Hotel Administration - Consult hotel details -- Time elapsed: 0.006 s <<< ERROR!
io.cucumber.junit.platform.engine.UndefinedStepException: 
The step 'a hotel exists in the system' and 2 other step(s) are undefined.
You can implement these steps using the snippet(s) below:

@Given("a hotel exists in the system")
public void a_hotel_exists_in_the_system() {
    // Write code here that turns the phrase above into concrete actions
    throw new io.cucumber.java.PendingException();
}
@When("a user requests the hotel details")
public void a_user_requests_the_hotel_details() {
    // Write code here that turns the phrase above into concrete actions
    throw new io.cucumber.java.PendingException();
}
@Then("the system should return the hotel name, description, location, and services")
public void the_system_should_return_the_hotel_name_description_location_and_services() {
    // Write code here that turns the phrase above into concrete actions
    throw new io.cucumber.java.PendingException();
}

	at ✽.a hotel exists in the system(classpath:com/hotelbay/Hotel.feature:26)

com.hotelbay.RunCucumberTest.Hotel Administration - List all hotels -- Time elapsed: 0.005 s <<< ERROR!
io.cucumber.junit.platform.engine.UndefinedStepException: 
The step 'multiple hotels exist in the system' and 2 other step(s) are undefined.
You can implement these steps using the snippet(s) below:

@Given("multiple hotels exist in the system")
public void multiple_hotels_exist_in_the_system() {
    // Write code here that turns the phrase above into concrete actions
    throw new io.cucumber.java.PendingException();
}
@When("a user requests the list of hotels")
public void a_user_requests_the_list_of_hotels() {
    // Write code here that turns the phrase above into concrete actions
    throw new io.cucumber.java.PendingException();
}
@Then("the system should return all registered hotels")
public void the_system_should_return_all_registered_hotels() {
    // Write code here that turns the phrase above into concrete actions
    throw new io.cucumber.java.PendingException();
}

	at ✽.multiple hotels exist in the system(classpath:com/hotelbay/Hotel.feature:31)

com.hotelbay.RunCucumberTest.Ratings - Add a rating -- Time elapsed: 0.013 s <<< ERROR!
io.cucumber.java.PendingException: TODO: implement me
	at com.hotelbay.steps.RatingStepDefinition.a_guest_has_completed_their_stay(RatingStepDefinition.java:12)
	at ✽.a guest has completed their stay(classpath:com/hotelbay/Rating.feature:4)

com.hotelbay.RunCucumberTest.Ratings - View average rating -- Time elapsed: 0.003 s <<< ERROR!
io.cucumber.java.PendingException: TODO: implement me
	at com.hotelbay.steps.RatingStepDefinition.a_hotel_has_ratings(RatingStepDefinition.java:28)
	at ✽.a hotel has ratings(classpath:com/hotelbay/Rating.feature:10)

com.hotelbay.RunCucumberTest.Ratings - Update a rating -- Time elapsed: 0.004 s <<< ERROR!
io.cucumber.java.PendingException: TODO: implement me
	at com.hotelbay.steps.RatingStepDefinition.a_guest_has_submitted_a_rating(RatingStepDefinition.java:44)
	at ✽.a guest has submitted a rating(classpath:com/hotelbay/Rating.feature:16)

com.hotelbay.RunCucumberTest.Ratings - Reject invalid rating -- Time elapsed: 0.006 s <<< ERROR!
io.cucumber.java.PendingException: TODO: implement me
	at com.hotelbay.steps.RatingStepDefinition.a_guest_has_completed_their_stay(RatingStepDefinition.java:12)
	at ✽.a guest has completed their stay(classpath:com/hotelbay/Rating.feature:22)

com.hotelbay.RunCucumberTest.Refund Management - Request refund -- Time elapsed: 0.004 s <<< ERROR!
io.cucumber.java.PendingException: TODO: implement me
	at com.hotelbay.steps.RefundStepDefinition.a_guest_has_a_canceled_reservation_eligible_for_a_refund(RefundStepDefinition.java:12)
	at ✽.a guest has a canceled reservation eligible for a refund(classpath:com/hotelbay/Refund.feature:4)

com.hotelbay.RunCucumberTest.Refund Management - Approve refund -- Time elapsed: 0.005 s <<< ERROR!
io.cucumber.java.PendingException: TODO: implement me
	at com.hotelbay.steps.RefundStepDefinition.a_pending_refund_request_exists(RefundStepDefinition.java:33)
	at ✽.a pending refund request exists(classpath:com/hotelbay/Refund.feature:10)

com.hotelbay.RunCucumberTest.Refund Management - Process refund -- Time elapsed: 0.004 s <<< ERROR!
io.cucumber.java.PendingException: TODO: implement me
	at com.hotelbay.steps.RefundStepDefinition.an_administrator_has_approved_a_refund_request(RefundStepDefinition.java:54)
	at ✽.an administrator has approved a refund request(classpath:com/hotelbay/Refund.feature:16)

com.hotelbay.RunCucumberTest.Refund Management - Reject refund request for invalid reservation -- Time elapsed: 0.003 s <<< ERROR!
io.cucumber.java.PendingException: TODO: implement me
	at com.hotelbay.steps.RefundStepDefinition.a_reservation_is_not_eligible_for_a_refund(RefundStepDefinition.java:75)
	at ✽.a reservation is not eligible for a refund(classpath:com/hotelbay/Refund.feature:22)

com.hotelbay.RunCucumberTest.Booking Management - Create booking -- Time elapsed: 0.006 s <<< ERROR!
io.cucumber.junit.platform.engine.UndefinedStepException: 
The step 'the client is authenticated as a guest' and 2 other step(s) are undefined.
You can implement these steps using the snippet(s) below:

@Given("the client is authenticated as a guest")
public void the_client_is_authenticated_as_a_guest() {
    // Write code here that turns the phrase above into concrete actions
    throw new io.cucumber.java.PendingException();
}
@When("the client calls POST \\/bookings with reservation details")
public void the_client_calls_post_bookings_with_reservation_details() {
    // Write code here that turns the phrase above into concrete actions
    throw new io.cucumber.java.PendingException();
}
@Then("the pending booking is saved")
public void the_pending_booking_is_saved() {
    // Write code here that turns the phrase above into concrete actions
    throw new io.cucumber.java.PendingException();
}

	at ✽.the client is authenticated as a guest(classpath:com/hotelbay/booking_management.feature:4)

com.hotelbay.RunCucumberTest.Booking Management - Cancel booking -- Time elapsed: 0.006 s <<< ERROR!
io.cucumber.junit.platform.engine.UndefinedStepException: 
The step 'the guest has a confirmed reservation' and 2 other step(s) are undefined.
You can implement these steps using the snippet(s) below:

@Given("the guest has a confirmed reservation")
public void the_guest_has_a_confirmed_reservation() {
    // Write code here that turns the phrase above into concrete actions
    throw new io.cucumber.java.PendingException();
}
@When("the client calls PUT \\/bookings\\/\\{id}\\/cancel")
public void the_client_calls_put_bookings_cancel() {
    // Write code here that turns the phrase above into concrete actions
    throw new io.cucumber.java.PendingException();
}
@Then("the reservation is marked as canceled")
public void the_reservation_is_marked_as_canceled() {
    // Write code here that turns the phrase above into concrete actions
    throw new io.cucumber.java.PendingException();
}

	at ✽.the guest has a confirmed reservation(classpath:com/hotelbay/booking_management.feature:10)

com.hotelbay.RunCucumberTest.Booking Management - View booking details -- Time elapsed: 0.005 s <<< ERROR!
io.cucumber.junit.platform.engine.UndefinedStepException: 
The step 'the guest has an existing reservation' and 2 other step(s) are undefined.
You can implement these steps using the snippet(s) below:

@Given("the guest has an existing reservation")
public void the_guest_has_an_existing_reservation() {
    // Write code here that turns the phrase above into concrete actions
    throw new io.cucumber.java.PendingException();
}
@When("the client calls GET \\/bookings\\/\\{id}")
public void the_client_calls_get_bookings() {
    // Write code here that turns the phrase above into concrete actions
    throw new io.cucumber.java.PendingException();
}
@Then("the system returns the reservation details")
public void the_system_returns_the_reservation_details() {
    // Write code here that turns the phrase above into concrete actions
    throw new io.cucumber.java.PendingException();
}

	at ✽.the guest has an existing reservation(classpath:com/hotelbay/booking_management.feature:16)

com.hotelbay.RunCucumberTest.Booking Management - List user bookings -- Time elapsed: 0.005 s <<< ERROR!
io.cucumber.junit.platform.engine.UndefinedStepException: 
The step 'the client is authenticated as a guest' and 2 other step(s) are undefined.
You can implement these steps using the snippet(s) below:

@Given("the client is authenticated as a guest")
public void the_client_is_authenticated_as_a_guest() {
    // Write code here that turns the phrase above into concrete actions
    throw new io.cucumber.java.PendingException();
}
@When("the client calls GET \\/users\\/\\{userId}\\/bookings")
public void the_client_calls_get_users_bookings() {
    // Write code here that turns the phrase above into concrete actions
    throw new io.cucumber.java.PendingException();
}
@Then("the system returns a list of the user's reservations")
public void the_system_returns_a_list_of_the_user_s_reservations() {
    // Write code here that turns the phrase above into concrete actions
    throw new io.cucumber.java.PendingException();
}

	at ✽.the client is authenticated as a guest(classpath:com/hotelbay/booking_management.feature:22)

com.hotelbay.RunCucumberTest.Booking Management - Check room availability -- Time elapsed: 0.004 s <<< ERROR!
io.cucumber.junit.platform.engine.UndefinedStepException: 
The step 'the user provides check-in and check-out dates' and 2 other step(s) are undefined.
You can implement these steps using the snippet(s) below:

@Given("the user provides check-in and check-out dates")
public void the_user_provides_check_in_and_check_out_dates() {
    // Write code here that turns the phrase above into concrete actions
    throw new io.cucumber.java.PendingException();
}
@When("the client calls GET \\/rooms\\/availability")
public void the_client_calls_get_rooms_availability() {
    // Write code here that turns the phrase above into concrete actions
    throw new io.cucumber.java.PendingException();
}
@Then("the system returns a list of available rooms")
public void the_system_returns_a_list_of_available_rooms() {
    // Write code here that turns the phrase above into concrete actions
    throw new io.cucumber.java.PendingException();
}

	at ✽.the user provides check-in and check-out dates(classpath:com/hotelbay/booking_management.feature:28)

com.hotelbay.RunCucumberTest.Payment Management - Process payment -- Time elapsed: 0.005 s <<< ERROR!
io.cucumber.junit.platform.engine.UndefinedStepException: 
The step 'the guest has a pending reservation' and 2 other step(s) are undefined.
You can implement these steps using the snippet(s) below:

@Given("the guest has a pending reservation")
public void the_guest_has_a_pending_reservation() {
    // Write code here that turns the phrase above into concrete actions
    throw new io.cucumber.java.PendingException();
}
@When("the client calls POST \\/payments with a payment amount")
public void the_client_calls_post_payments_with_a_payment_amount() {
    // Write code here that turns the phrase above into concrete actions
    throw new io.cucumber.java.PendingException();
}
@Then("the payment status is set to processing")
public void the_payment_status_is_set_to_processing() {
    // Write code here that turns the phrase above into concrete actions
    throw new io.cucumber.java.PendingException();
}

	at ✽.the guest has a pending reservation(classpath:com/hotelbay/payment_management.feature:4)

com.hotelbay.RunCucumberTest.Payment Management - Confirm payment -- Time elapsed: 0.009 s <<< ERROR!
io.cucumber.junit.platform.engine.UndefinedStepException: 
The step 'a payment attempt is successful' and 3 other step(s) are undefined.
You can implement these steps using the snippet(s) below:

@Given("a payment attempt is successful")
public void a_payment_attempt_is_successful() {
    // Write code here that turns the phrase above into concrete actions
    throw new io.cucumber.java.PendingException();
}
@When("the system calls PUT \\/payments\\/\\{id}\\/confirm")
public void the_system_calls_put_payments_confirm() {
    // Write code here that turns the phrase above into concrete actions
    throw new io.cucumber.java.PendingException();
}
@Then("the system returns status code of {int}")
public void the_system_returns_status_code_of(Integer int1) {
    // Write code here that turns the phrase above into concrete actions
    throw new io.cucumber.java.PendingException();
}
@Then("the reservation state changes to confirmed")
public void the_reservation_state_changes_to_confirmed() {
    // Write code here that turns the phrase above into concrete actions
    throw new io.cucumber.java.PendingException();
}

	at ✽.a payment attempt is successful(classpath:com/hotelbay/payment_management.feature:10)

com.hotelbay.RunCucumberTest.Payment Management - Handle payment failure -- Time elapsed: 0.003 s <<< ERROR!
io.cucumber.junit.platform.engine.UndefinedStepException: 
The step 'the client provides invalid payment details' and 2 other step(s) are undefined.
You can implement these steps using the snippet(s) below:

@Given("the client provides invalid payment details")
public void the_client_provides_invalid_payment_details() {
    // Write code here that turns the phrase above into concrete actions
    throw new io.cucumber.java.PendingException();
}
@When("the client calls POST \\/payments")
public void the_client_calls_post_payments() {
    // Write code here that turns the phrase above into concrete actions
    throw new io.cucumber.java.PendingException();
}
@Then("the reservation remains in a pending state")
public void the_reservation_remains_in_a_pending_state() {
    // Write code here that turns the phrase above into concrete actions
    throw new io.cucumber.java.PendingException();
}

	at ✽.the client provides invalid payment details(classpath:com/hotelbay/payment_management.feature:16)

com.hotelbay.RunCucumberTest.Room Category Management - Create room category -- Time elapsed: 0.002 s <<< ERROR!
io.cucumber.junit.platform.engine.UndefinedStepException: 
The step 'an administrator is authenticated' and 2 other step(s) are undefined.
You can implement these steps using the snippet(s) below:

@Given("an administrator is authenticated")
public void an_administrator_is_authenticated() {
    // Write code here that turns the phrase above into concrete actions
    throw new io.cucumber.java.PendingException();
}
@When("the administrator creates a new room category such as {string} or {string}")
public void the_administrator_creates_a_new_room_category_such_as_or(String string, String string2) {
    // Write code here that turns the phrase above into concrete actions
    throw new io.cucumber.java.PendingException();
}
@Then("the system should store the new category")
public void the_system_should_store_the_new_category() {
    // Write code here that turns the phrase above into concrete actions
    throw new io.cucumber.java.PendingException();
}

	at ✽.an administrator is authenticated(classpath:com/hotelbay/room_category.feature:4)

com.hotelbay.RunCucumberTest.Room Category Management - Update room category -- Time elapsed: 0.003 s <<< ERROR!
io.cucumber.junit.platform.engine.UndefinedStepException: 
The step 'a room category exists in the system' and 2 other step(s) are undefined.
You can implement these steps using the snippet(s) below:

@Given("a room category exists in the system")
public void a_room_category_exists_in_the_system() {
    // Write code here that turns the phrase above into concrete actions
    throw new io.cucumber.java.PendingException();
}
@When("the administrator updates the category name or description")
public void the_administrator_updates_the_category_name_or_description() {
    // Write code here that turns the phrase above into concrete actions
    throw new io.cucumber.java.PendingException();
}
@Then("the system should save the updated category information")
public void the_system_should_save_the_updated_category_information() {
    // Write code here that turns the phrase above into concrete actions
    throw new io.cucumber.java.PendingException();
}

	at ✽.a room category exists in the system(classpath:com/hotelbay/room_category.feature:9)

com.hotelbay.RunCucumberTest.Room Category Management - Delete room category -- Time elapsed: 0.003 s <<< ERROR!
io.cucumber.junit.platform.engine.UndefinedStepException: 
The step 'a room category exists' and 3 other step(s) are undefined.
You can implement these steps using the snippet(s) below:

@Given("a room category exists")
public void a_room_category_exists() {
    // Write code here that turns the phrase above into concrete actions
    throw new io.cucumber.java.PendingException();
}
@When("the administrator deletes the category")
public void the_administrator_deletes_the_category() {
    // Write code here that turns the phrase above into concrete actions
    throw new io.cucumber.java.PendingException();
}
@Then("the category should be removed from the system")
public void the_category_should_be_removed_from_the_system() {
    // Write code here that turns the phrase above into concrete actions
    throw new io.cucumber.java.PendingException();
}
@Then("historical reservation information should remain unaffected")
public void historical_reservation_information_should_remain_unaffected() {
    // Write code here that turns the phrase above into concrete actions
    throw new io.cucumber.java.PendingException();
}

	at ✽.a room category exists(classpath:com/hotelbay/room_category.feature:14)

com.hotelbay.RunCucumberTest.Room Category Management - List room categories -- Time elapsed: 0.003 s <<< ERROR!
io.cucumber.junit.platform.engine.UndefinedStepException: 
The step 'several room categories exist in the system' and 2 other step(s) are undefined.
You can implement these steps using the snippet(s) below:

@Given("several room categories exist in the system")
public void several_room_categories_exist_in_the_system() {
    // Write code here that turns the phrase above into concrete actions
    throw new io.cucumber.java.PendingException();
}
@When("a user requests the list of room categories")
public void a_user_requests_the_list_of_room_categories() {
    // Write code here that turns the phrase above into concrete actions
    throw new io.cucumber.java.PendingException();
}
@Then("the system should return all available room categories")
public void the_system_should_return_all_available_room_categories() {
    // Write code here that turns the phrase above into concrete actions
    throw new io.cucumber.java.PendingException();
}

	at ✽.several room categories exist in the system(classpath:com/hotelbay/room_category.feature:20)

com.hotelbay.RunCucumberTest.Room Management - Create room -- Time elapsed: 0.005 s <<< ERROR!
io.cucumber.junit.platform.engine.UndefinedStepException: 
The step 'a hotel exists in the system' and 3 other step(s) are undefined.
You can implement these steps using the snippet(s) below:

@Given("a hotel exists in the system")
public void a_hotel_exists_in_the_system() {
    // Write code here that turns the phrase above into concrete actions
    throw new io.cucumber.java.PendingException();
}
@When("an administrator adds a new room with identifier, type, capacity, and price")
public void an_administrator_adds_a_new_room_with_identifier_type_capacity_and_price() {
    // Write code here that turns the phrase above into concrete actions
    throw new io.cucumber.java.PendingException();
}
@Then("the system should store the room information")
public void the_system_should_store_the_room_information() {
    // Write code here that turns the phrase above into concrete actions
    throw new io.cucumber.java.PendingException();
}
@Then("associate the room with the hotel")
public void associate_the_room_with_the_hotel() {
    // Write code here that turns the phrase above into concrete actions
    throw new io.cucumber.java.PendingException();
}

	at ✽.a hotel exists in the system(classpath:com/hotelbay/room_managemant.feature:4)

com.hotelbay.RunCucumberTest.Room Management - Update room information -- Time elapsed: 0.003 s <<< ERROR!
io.cucumber.junit.platform.engine.UndefinedStepException: 
The step 'a room exists in a hotel' and 2 other step(s) are undefined.
You can implement these steps using the snippet(s) below:

@Given("a room exists in a hotel")
public void a_room_exists_in_a_hotel() {
    // Write code here that turns the phrase above into concrete actions
    throw new io.cucumber.java.PendingException();
}
@When("the administrator updates the room description or price")
public void the_administrator_updates_the_room_description_or_price() {
    // Write code here that turns the phrase above into concrete actions
    throw new io.cucumber.java.PendingException();
}
@Then("the system should save the updated room information")
public void the_system_should_save_the_updated_room_information() {
    // Write code here that turns the phrase above into concrete actions
    throw new io.cucumber.java.PendingException();
}

	at ✽.a room exists in a hotel(classpath:com/hotelbay/room_managemant.feature:10)

com.hotelbay.RunCucumberTest.Room Management - Delete room -- Time elapsed: 0.002 s <<< ERROR!
io.cucumber.junit.platform.engine.UndefinedStepException: 
The step 'a room exists in a hotel' and 3 other step(s) are undefined.
You can implement these steps using the snippet(s) below:

@Given("a room exists in a hotel")
public void a_room_exists_in_a_hotel() {
    // Write code here that turns the phrase above into concrete actions
    throw new io.cucumber.java.PendingException();
}
@When("the administrator deletes the room")
public void the_administrator_deletes_the_room() {
    // Write code here that turns the phrase above into concrete actions
    throw new io.cucumber.java.PendingException();
}
@Then("the room should be removed from the list of available rooms")
public void the_room_should_be_removed_from_the_list_of_available_rooms() {
    // Write code here that turns the phrase above into concrete actions
    throw new io.cucumber.java.PendingException();
}
@Then("past reservations should remain recorded")
public void past_reservations_should_remain_recorded() {
    // Write code here that turns the phrase above into concrete actions
    throw new io.cucumber.java.PendingException();
}

	at ✽.a room exists in a hotel(classpath:com/hotelbay/room_managemant.feature:15)

com.hotelbay.RunCucumberTest.Room Management - Search rooms -- Time elapsed: 0.004 s <<< ERROR!
io.cucumber.junit.platform.engine.UndefinedStepException: 
The step 'multiple hotels and rooms exist in the system' and 2 other step(s) are undefined.
You can implement these steps using the snippet(s) below:

@Given("multiple hotels and rooms exist in the system")
public void multiple_hotels_and_rooms_exist_in_the_system() {
    // Write code here that turns the phrase above into concrete actions
    throw new io.cucumber.java.PendingException();
}
@When("a user searches for rooms using filters such as location, category, price, and dates")
public void a_user_searches_for_rooms_using_filters_such_as_location_category_price_and_dates() {
    // Write code here that turns the phrase above into concrete actions
    throw new io.cucumber.java.PendingException();
}
@Then("the system should return rooms that match the search criteria and are available")
public void the_system_should_return_rooms_that_match_the_search_criteria_and_are_available() {
    // Write code here that turns the phrase above into concrete actions
    throw new io.cucumber.java.PendingException();
}

	at ✽.multiple hotels and rooms exist in the system(classpath:com/hotelbay/room_managemant.feature:21)

com.hotelbay.RunCucumberTest.Room Management - View room details -- Time elapsed: 0.003 s <<< ERROR!
io.cucumber.junit.platform.engine.UndefinedStepException: 
The step 'a room exists in the system' and 2 other step(s) are undefined.
You can implement these steps using the snippet(s) below:

@Given("a room exists in the system")
public void a_room_exists_in_the_system() {
    // Write code here that turns the phrase above into concrete actions
    throw new io.cucumber.java.PendingException();
}
@When("a user requests the room details")
public void a_user_requests_the_room_details() {
    // Write code here that turns the phrase above into concrete actions
    throw new io.cucumber.java.PendingException();
}
@Then("the system should return the room type, capacity, price, and description")
public void the_system_should_return_the_room_type_capacity_price_and_description() {
    // Write code here that turns the phrase above into concrete actions
    throw new io.cucumber.java.PendingException();
}

	at ✽.a room exists in the system(classpath:com/hotelbay/room_managemant.feature:26)

com.hotelbay.RunCucumberTest.User Authentication - User registration -- Time elapsed: 0.004 s <<< ERROR!
io.cucumber.junit.platform.engine.UndefinedStepException: 
The step 'the client provides valid registration details' and 2 other step(s) are undefined.
You can implement these steps using the snippet(s) below:

@Given("the client provides valid registration details")
public void the_client_provides_valid_registration_details() {
    // Write code here that turns the phrase above into concrete actions
    throw new io.cucumber.java.PendingException();
}
@When("the client calls POST \\/users\\/register")
public void the_client_calls_post_users_register() {
    // Write code here that turns the phrase above into concrete actions
    throw new io.cucumber.java.PendingException();
}
@Then("a new user account is created")
public void a_new_user_account_is_created() {
    // Write code here that turns the phrase above into concrete actions
    throw new io.cucumber.java.PendingException();
}

	at ✽.the client provides valid registration details(classpath:com/hotelbay/user_authentication.feature:4)

com.hotelbay.RunCucumberTest.User Authentication - User login -- Time elapsed: 0.006 s <<< ERROR!
io.cucumber.junit.platform.engine.UndefinedStepException: 
The step 'the client provides valid login credentials' and 2 other step(s) are undefined.
You can implement these steps using the snippet(s) below:

@Given("the client provides valid login credentials")
public void the_client_provides_valid_login_credentials() {
    // Write code here that turns the phrase above into concrete actions
    throw new io.cucumber.java.PendingException();
}
@When("the client calls POST \\/users\\/login")
public void the_client_calls_post_users_login() {
    // Write code here that turns the phrase above into concrete actions
    throw new io.cucumber.java.PendingException();
}
@Then("the system returns an authentication token")
public void the_system_returns_an_authentication_token() {
    // Write code here that turns the phrase above into concrete actions
    throw new io.cucumber.java.PendingException();
}

	at ✽.the client provides valid login credentials(classpath:com/hotelbay/user_authentication.feature:10)

com.hotelbay.RunCucumberTest.User Authentication - User logout -- Time elapsed: 0.004 s <<< ERROR!
io.cucumber.junit.platform.engine.UndefinedStepException: 
The step 'the client is logged in' and 2 other step(s) are undefined.
You can implement these steps using the snippet(s) below:

@Given("the client is logged in")
public void the_client_is_logged_in() {
    // Write code here that turns the phrase above into concrete actions
    throw new io.cucumber.java.PendingException();
}
@When("the client calls POST \\/users\\/logout")
public void the_client_calls_post_users_logout() {
    // Write code here that turns the phrase above into concrete actions
    throw new io.cucumber.java.PendingException();
}
@Then("the authentication token is invalidated")
public void the_authentication_token_is_invalidated() {
    // Write code here that turns the phrase above into concrete actions
    throw new io.cucumber.java.PendingException();
}

	at ✽.the client is logged in(classpath:com/hotelbay/user_authentication.feature:16)

