-------------------------------------------------------------------------------
Test set: com.hotelbay.api.RunCucumberTest
-------------------------------------------------------------------------------
Tests run: 8, Failures: 0, Errors: 7, Skipped: 0, Time elapsed: 0.836 s <<< FAILURE! -- in com.hotelbay.api.RunCucumberTest
Refund Management.Request refund -- Time elapsed: 0.190 s <<< ERROR!
io.cucumber.junit.platform.engine.UndefinedStepException: 
The step 'a guest has a canceled reservation eligible for a refund' and 3 other step(s) are undefined.
You can implement these steps using the snippet(s) below:

@Given("a guest has a canceled reservation eligible for a refund")
public void a_guest_has_a_canceled_reservation_eligible_for_a_refund() {
    // Write code here that turns the phrase above into concrete actions
    throw new io.cucumber.java.PendingException();
}
@When("the client calls POST \\/refunds with the reservation ID")
public void the_client_calls_post_refunds_with_the_reservation_id() {
    // Write code here that turns the phrase above into concrete actions
    throw new io.cucumber.java.PendingException();
}
@Then("the client receives status code of {int}")
public void the_client_receives_status_code_of(Integer int1) {
    // Write code here that turns the phrase above into concrete actions
    throw new io.cucumber.java.PendingException();
}
@Then("the refund request is recorded as pending")
public void the_refund_request_is_recorded_as_pending() {
    // Write code here that turns the phrase above into concrete actions
    throw new io.cucumber.java.PendingException();
}

	at ✽.a guest has a canceled reservation eligible for a refund(classpath:com/hotelbay/api/refunds.feature:4)

Refund Management.Approve refund -- Time elapsed: 0.047 s <<< ERROR!
io.cucumber.junit.platform.engine.UndefinedStepException: 
The step 'a pending refund request exists' and 3 other step(s) are undefined.
You can implement these steps using the snippet(s) below:

@Given("a pending refund request exists")
public void a_pending_refund_request_exists() {
    // Write code here that turns the phrase above into concrete actions
    throw new io.cucumber.java.PendingException();
}
@When("the administrator calls PUT \\/refunds\\/\\{id}\\/approve")
public void the_administrator_calls_put_refunds_approve() {
    // Write code here that turns the phrase above into concrete actions
    throw new io.cucumber.java.PendingException();
}
@Then("the administrator receives status code of {int}")
public void the_administrator_receives_status_code_of(Integer int1) {
    // Write code here that turns the phrase above into concrete actions
    throw new io.cucumber.java.PendingException();
}
@Then("the refund status is updated to approved")
public void the_refund_status_is_updated_to_approved() {
    // Write code here that turns the phrase above into concrete actions
    throw new io.cucumber.java.PendingException();
}

	at ✽.a pending refund request exists(classpath:com/hotelbay/api/refunds.feature:10)

Refund Management.Process refund -- Time elapsed: 0.047 s <<< ERROR!
io.cucumber.junit.platform.engine.UndefinedStepException: 
The step 'an administrator has approved a refund request' and 3 other step(s) are undefined.
You can implement these steps using the snippet(s) below:

@Given("an administrator has approved a refund request")
public void an_administrator_has_approved_a_refund_request() {
    // Write code here that turns the phrase above into concrete actions
    throw new io.cucumber.java.PendingException();
}
@When("the system processes the transaction via PUT \\/refunds\\/\\{id}\\/process")
public void the_system_processes_the_transaction_via_put_refunds_process() {
    // Write code here that turns the phrase above into concrete actions
    throw new io.cucumber.java.PendingException();
}
@Then("the API returns status code of {int}")
public void the_api_returns_status_code_of(Integer int1) {
    // Write code here that turns the phrase above into concrete actions
    throw new io.cucumber.java.PendingException();
}
@Then("the refund status is marked as completed")
public void the_refund_status_is_marked_as_completed() {
    // Write code here that turns the phrase above into concrete actions
    throw new io.cucumber.java.PendingException();
}

	at ✽.an administrator has approved a refund request(classpath:com/hotelbay/api/refunds.feature:16)

Reviews and Ratings.View hotel reviews and ratings -- Time elapsed: 0.027 s <<< ERROR!
io.cucumber.junit.platform.engine.UndefinedStepException: 
The step 'a hotel has received reviews from past guests' and 3 other step(s) are undefined.
You can implement these steps using the snippet(s) below:

@Given("a hotel has received reviews from past guests")
public void a_hotel_has_received_reviews_from_past_guests() {
    // Write code here that turns the phrase above into concrete actions
    throw new io.cucumber.java.PendingException();
}
@When("a user calls GET \\/hotels\\/\\{hotelId}\\/reviews")
public void a_user_calls_get_hotels_reviews() {
    // Write code here that turns the phrase above into concrete actions
    throw new io.cucumber.java.PendingException();
}
@Then("the client receives status code of {int}")
public void the_client_receives_status_code_of(Integer int1) {
    // Write code here that turns the phrase above into concrete actions
    throw new io.cucumber.java.PendingException();
}
@Then("the system returns a list of reviews and the average rating")
public void the_system_returns_a_list_of_reviews_and_the_average_rating() {
    // Write code here that turns the phrase above into concrete actions
    throw new io.cucumber.java.PendingException();
}

	at ✽.a hotel has received reviews from past guests(classpath:com/hotelbay/api/reviews_and_ratings.feature:4)

Reviews and Ratings.Update review -- Time elapsed: 0.037 s <<< ERROR!
io.cucumber.junit.platform.engine.UndefinedStepException: 
The step 'the guest has previously submitted a review' and 3 other step(s) are undefined.
You can implement these steps using the snippet(s) below:

@Given("the guest has previously submitted a review")
public void the_guest_has_previously_submitted_a_review() {
    // Write code here that turns the phrase above into concrete actions
    throw new io.cucumber.java.PendingException();
}
@When("the client calls PUT \\/reviews\\/\\{id} with an updated description")
public void the_client_calls_put_reviews_with_an_updated_description() {
    // Write code here that turns the phrase above into concrete actions
    throw new io.cucumber.java.PendingException();
}
@Then("the client receives status code of {int}")
public void the_client_receives_status_code_of(Integer int1) {
    // Write code here that turns the phrase above into concrete actions
    throw new io.cucumber.java.PendingException();
}
@Then("the system saves the modified review text")
public void the_system_saves_the_modified_review_text() {
    // Write code here that turns the phrase above into concrete actions
    throw new io.cucumber.java.PendingException();
}

	at ✽.the guest has previously submitted a review(classpath:com/hotelbay/api/reviews_and_ratings.feature:12)

Reviews and Ratings.Add review -- Time elapsed: 0.023 s <<< ERROR!
io.cucumber.junit.platform.engine.UndefinedStepException: 
The step 'the guest has a completed reservation for the hotel' and 3 other step(s) are undefined.
You can implement these steps using the snippet(s) below:

@Given("the guest has a completed reservation for the hotel")
public void the_guest_has_a_completed_reservation_for_the_hotel() {
    // Write code here that turns the phrase above into concrete actions
    throw new io.cucumber.java.PendingException();
}
@When("the client calls POST \\/hotels\\/\\{hotelId}\\/reviews with a textual description")
public void the_client_calls_post_hotels_reviews_with_a_textual_description() {
    // Write code here that turns the phrase above into concrete actions
    throw new io.cucumber.java.PendingException();
}
@Then("the client receives status code of {int}")
public void the_client_receives_status_code_of(Integer int1) {
    // Write code here that turns the phrase above into concrete actions
    throw new io.cucumber.java.PendingException();
}
@Then("the review is saved to the hotel profile")
public void the_review_is_saved_to_the_hotel_profile() {
    // Write code here that turns the phrase above into concrete actions
    throw new io.cucumber.java.PendingException();
}

	at ✽.the guest has a completed reservation for the hotel(classpath:com/hotelbay/api/reviews_and_ratings.feature:20)

Reviews and Ratings.Add rating -- Time elapsed: 0.019 s <<< ERROR!
io.cucumber.junit.platform.engine.UndefinedStepException: 
The step 'the guest has completed their stay' and 3 other step(s) are undefined.
You can implement these steps using the snippet(s) below:

@Given("the guest has completed their stay")
public void the_guest_has_completed_their_stay() {
    // Write code here that turns the phrase above into concrete actions
    throw new io.cucumber.java.PendingException();
}
@When("the client calls POST \\/hotels\\/\\{hotelId}\\/ratings with a score from {int} to {int}")
public void the_client_calls_post_hotels_ratings_with_a_score_from_to(Integer int1, Integer int2) {
    // Write code here that turns the phrase above into concrete actions
    throw new io.cucumber.java.PendingException();
}
@Then("the client receives status code of {int}")
public void the_client_receives_status_code_of(Integer int1) {
    // Write code here that turns the phrase above into concrete actions
    throw new io.cucumber.java.PendingException();
}
@Then("the new rating updates the average hotel score")
public void the_new_rating_updates_the_average_hotel_score() {
    // Write code here that turns the phrase above into concrete actions
    throw new io.cucumber.java.PendingException();
}

	at ✽.the guest has completed their stay(classpath:com/hotelbay/api/reviews_and_ratings.feature:28)

