<?xml version="1.0" encoding="UTF-8"?>
<testsuite xmlns:xsi="http://www.w3.org/2001/XMLSchema-instance" xsi:noNamespaceSchemaLocation="https://maven.apache.org/surefire/maven-surefire-plugin/xsd/surefire-test-report-3.0.xsd" version="3.0" name="com.hotelbay.api.RunCucumberTest" time="0.836" tests="8" errors="7" skipped="0" failures="0">
  <properties>
[...]
</properties>
  <testcase name="The example" classname="An example" time="0.173">
    <system-out><![CDATA[
&amp#27;[1mScenario:&amp#27;[22m The example                         &amp#27;[90m# classpath:com/hotelbay/api/example.feature:3&amp#27;[39m
  &amp#27;[32m✔&amp#27;[39m &amp#27;[32m&amp#27;[1mGiven &amp#27;[22man example scenario&amp#27;[39m                 &amp#27;[90m# com.hotelbay.api.StepDefinitions.anExampleScenario()&amp#27;[39m
  &amp#27;[32m✔&amp#27;[39m &amp#27;[32m&amp#27;[1mWhen &amp#27;[22mall step definitions are implemented&amp#27;[39m &amp#27;[90m# com.hotelbay.api.StepDefinitions.allStepDefinitionsAreImplemented()&amp#27;[39m
  &amp#27;[32m✔&amp#27;[39m &amp#27;[32m&amp#27;[1mThen &amp#27;[22mthe scenario passes&amp#27;[39m                  &amp#27;[90m# com.hotelbay.api.StepDefinitions.theScenarioPasses()&amp#27;[39m
]]></system-out>
  </testcase>
  <testcase name="Request refund" classname="Refund Management" time="0.19">
    <error message="The step &apos;a guest has a canceled reservation eligible for a refund&apos; and 3 other step(s) are undefined.&#10;You can implement these steps using the snippet(s) below:&#10;&#10;@Given(&quot;a guest has a canceled reservation eligible for a refund&quot;)&#10;public void a_guest_has_a_canceled_reservation_eligible_for_a_refund() {&#10;    // Write code here that turns the phrase above into concrete actions&#10;    throw new io.cucumber.java.PendingException();&#10;}&#10;@When(&quot;the client calls POST \\/refunds with the reservation ID&quot;)&#10;public void the_client_calls_post_refunds_with_the_reservation_id() {&#10;    // Write code here that turns the phrase above into concrete actions&#10;    throw new io.cucumber.java.PendingException();&#10;}&#10;@Then(&quot;the client receives status code of {int}&quot;)&#10;public void the_client_receives_status_code_of(Integer int1) {&#10;    // Write code here that turns the phrase above into concrete actions&#10;    throw new io.cucumber.java.PendingException();&#10;}&#10;@Then(&quot;the refund request is recorded as pending&quot;)&#10;public void the_refund_request_is_recorded_as_pending() {&#10;    // Write code here that turns the phrase above into concrete actions&#10;    throw new io.cucumber.java.PendingException();&#10;}&#10;" type="io.cucumber.junit.platform.engine.UndefinedStepException"><![CDATA[io.cucumber.junit.platform.engine.UndefinedStepException: 
The step 'a guest has a canceled reservation eligible for a refund' and 3 other step(s) are undefined.
You can implement these steps using the snippet(s) below:

@Given("a guest has a canceled reservation eligible for a refund")
public void a_guest_has_a_canceled_reservation_eligible_for_a_refund() {
    // Write code here that turns the phrase above into concrete actions
    throw new io.cucumber.java.PendingException();
}
@When("the client calls POST \\/refunds with the reservation ID")
public void the_client_calls_post_refunds_with_the_reservation_id() {
    // Write code here that turns the phrase above into concrete actions
    throw new io.cucumber.java.PendingException();
}
@Then("the client receives status code of {int}")
public void the_client_receives_status_code_of(Integer int1) {
    // Write code here that turns the phrase above into concrete actions
    throw new io.cucumber.java.PendingException();
}
@Then("the refund request is recorded as pending")
public void the_refund_request_is_recorded_as_pending() {
    // Write code here that turns the phrase above into concrete actions
    throw new io.cucumber.java.PendingException();
}

	at ✽.a guest has a canceled reservation eligible for a refund(classpath:com/hotelbay/api/refunds.feature:4)
]]></error>
    <system-out><![CDATA[
&amp#27;[1mScenario:&amp#27;[22m Request refund                                           &amp#27;[90m# classpath:com/hotelbay/api/refunds.feature:3&amp#27;[39m
  &amp#27;[33m■&amp#27;[39m &amp#27;[33m&amp#27;[1mGiven &amp#27;[22ma guest has a canceled reservation eligible for a refund&amp#27;[39m
  &amp#27;[36m↷&amp#27;[39m &amp#27;[36m&amp#27;[1mWhen &amp#27;[22mthe client calls POST /refunds with the reservation ID&amp#27;[39m
  &amp#27;[36m↷&amp#27;[39m &amp#27;[36m&amp#27;[1mThen &amp#27;[22mthe client receives status code of 201&amp#27;[39m
  &amp#27;[36m↷&amp#27;[39m &amp#27;[36m&amp#27;[1mAnd &amp#27;[22mthe refund request is recorded as pending&amp#27;[39m
]]></system-out>
  </testcase>
  <testcase name="Approve refund" classname="Refund Management" time="0.047">
    <error message="The step &apos;a pending refund request exists&apos; and 3 other step(s) are undefined.&#10;You can implement these steps using the snippet(s) below:&#10;&#10;@Given(&quot;a pending refund request exists&quot;)&#10;public void a_pending_refund_request_exists() {&#10;    // Write code here that turns the phrase above into concrete actions&#10;    throw new io.cucumber.java.PendingException();&#10;}&#10;@When(&quot;the administrator calls PUT \\/refunds\\/\\{id}\\/approve&quot;)&#10;public void the_administrator_calls_put_refunds_approve() {&#10;    // Write code here that turns the phrase above into concrete actions&#10;    throw new io.cucumber.java.PendingException();&#10;}&#10;@Then(&quot;the administrator receives status code of {int}&quot;)&#10;public void the_administrator_receives_status_code_of(Integer int1) {&#10;    // Write code here that turns the phrase above into concrete actions&#10;    throw new io.cucumber.java.PendingException();&#10;}&#10;@Then(&quot;the refund status is updated to approved&quot;)&#10;public void the_refund_status_is_updated_to_approved() {&#10;    // Write code here that turns the phrase above into concrete actions&#10;    throw new io.cucumber.java.PendingException();&#10;}&#10;" type="io.cucumber.junit.platform.engine.UndefinedStepException"><![CDATA[io.cucumber.junit.platform.engine.UndefinedStepException: 
The step 'a pending refund request exists' and 3 other step(s) are undefined.
You can implement these steps using the snippet(s) below:

@Given("a pending refund request exists")
public void a_pending_refund_request_exists() {
    // Write code here that turns the phrase above into concrete actions
    throw new io.cucumber.java.PendingException();
}
@When("the administrator calls PUT \\/refunds\\/\\{id}\\/approve")
public void the_administrator_calls_put_refunds_approve() {
    // Write code here that turns the phrase above into concrete actions
    throw new io.cucumber.java.PendingException();
}
@Then("the administrator receives status code of {int}")
public void the_administrator_receives_status_code_of(Integer int1) {
    // Write code here that turns the phrase above into concrete actions
    throw new io.cucumber.java.PendingException();
}
@Then("the refund status is updated to approved")
public void the_refund_status_is_updated_to_approved() {
    // Write code here that turns the phrase above into concrete actions
    throw new io.cucumber.java.PendingException();
}

	at ✽.a pending refund request exists(classpath:com/hotelbay/api/refunds.feature:10)
]]></error>
    <system-out><![CDATA[
&amp#27;[1mScenario:&amp#27;[22m Approve refund                                   &amp#27;[90m# classpath:com/hotelbay/api/refunds.feature:9&amp#27;[39m
  &amp#27;[33m■&amp#27;[39m &amp#27;[33m&amp#27;[1mGiven &amp#27;[22ma pending refund request exists&amp#27;[39m
  &amp#27;[36m↷&amp#27;[39m &amp#27;[36m&amp#27;[1mWhen &amp#27;[22mthe administrator calls PUT /refunds/{id}/approve&amp#27;[39m
  &amp#27;[36m↷&amp#27;[39m &amp#27;[36m&amp#27;[1mThen &amp#27;[22mthe administrator receives status code of 200&amp#27;[39m
  &amp#27;[36m↷&amp#27;[39m &amp#27;[36m&amp#27;[1mAnd &amp#27;[22mthe refund status is updated to approved&amp#27;[39m
]]></system-out>
  </testcase>
  <testcase name="Process refund" classname="Refund Management" time="0.047">
    <error message="The step &apos;an administrator has approved a refund request&apos; and 3 other step(s) are undefined.&#10;You can implement these steps using the snippet(s) below:&#10;&#10;@Given(&quot;an administrator has approved a refund request&quot;)&#10;public void an_administrator_has_approved_a_refund_request() {&#10;    // Write code here that turns the phrase above into concrete actions&#10;    throw new io.cucumber.java.PendingException();&#10;}&#10;@When(&quot;the system processes the transaction via PUT \\/refunds\\/\\{id}\\/process&quot;)&#10;public void the_system_processes_the_transaction_via_put_refunds_process() {&#10;    // Write code here that turns the phrase above into concrete actions&#10;    throw new io.cucumber.java.PendingException();&#10;}&#10;@Then(&quot;the API returns status code of {int}&quot;)&#10;public void the_api_returns_status_code_of(Integer int1) {&#10;    // Write code here that turns the phrase above into concrete actions&#10;    throw new io.cucumber.java.PendingException();&#10;}&#10;@Then(&quot;the refund status is marked as completed&quot;)&#10;public void the_refund_status_is_marked_as_completed() {&#10;    // Write code here that turns the phrase above into concrete actions&#10;    throw new io.cucumber.java.PendingException();&#10;}&#10;" type="io.cucumber.junit.platform.engine.UndefinedStepException"><![CDATA[io.cucumber.junit.platform.engine.UndefinedStepException: 
The step 'an administrator has approved a refund request' and 3 other step(s) are undefined.
You can implement these steps using the snippet(s) below:

@Given("an administrator has approved a refund request")
public void an_administrator_has_approved_a_refund_request() {
    // Write code here that turns the phrase above into concrete actions
    throw new io.cucumber.java.PendingException();
}
@When("the system processes the transaction via PUT \\/refunds\\/\\{id}\\/process")
public void the_system_processes_the_transaction_via_put_refunds_process() {
    // Write code here that turns the phrase above into concrete actions
    throw new io.cucumber.java.PendingException();
}
@Then("the API returns status code of {int}")
public void the_api_returns_status_code_of(Integer int1) {
    // Write code here that turns the phrase above into concrete actions
    throw new io.cucumber.java.PendingException();
}
@Then("the refund status is marked as completed")
public void the_refund_status_is_marked_as_completed() {
    // Write code here that turns the phrase above into concrete actions
    throw new io.cucumber.java.PendingException();
}

	at ✽.an administrator has approved a refund request(classpath:com/hotelbay/api/refunds.feature:16)
]]></error>
    <system-out><![CDATA[
&amp#27;[1mScenario:&amp#27;[22m Process refund                                                    &amp#27;[90m# classpath:com/hotelbay/api/refunds.feature:15&amp#27;[39m
  &amp#27;[33m■&amp#27;[39m &amp#27;[33m&amp#27;[1mGiven &amp#27;[22man administrator has approved a refund request&amp#27;[39m
  &amp#27;[36m↷&amp#27;[39m &amp#27;[36m&amp#27;[1mWhen &amp#27;[22mthe system processes the transaction via PUT /refunds/{id}/process&amp#27;[39m
  &amp#27;[36m↷&amp#27;[39m &amp#27;[36m&amp#27;[1mThen &amp#27;[22mthe API returns status code of 200&amp#27;[39m
  &amp#27;[36m↷&amp#27;[39m &amp#27;[36m&amp#27;[1mAnd &amp#27;[22mthe refund status is marked as completed&amp#27;[39m
]]></system-out>
  </testcase>
  <testcase name="View hotel reviews and ratings" classname="Reviews and Ratings" time="0.027">
    <error message="The step &apos;a hotel has received reviews from past guests&apos; and 3 other step(s) are undefined.&#10;You can implement these steps using the snippet(s) below:&#10;&#10;@Given(&quot;a hotel has received reviews from past guests&quot;)&#10;public void a_hotel_has_received_reviews_from_past_guests() {&#10;    // Write code here that turns the phrase above into concrete actions&#10;    throw new io.cucumber.java.PendingException();&#10;}&#10;@When(&quot;a user calls GET \\/hotels\\/\\{hotelId}\\/reviews&quot;)&#10;public void a_user_calls_get_hotels_reviews() {&#10;    // Write code here that turns the phrase above into concrete actions&#10;    throw new io.cucumber.java.PendingException();&#10;}&#10;@Then(&quot;the client receives status code of {int}&quot;)&#10;public void the_client_receives_status_code_of(Integer int1) {&#10;    // Write code here that turns the phrase above into concrete actions&#10;    throw new io.cucumber.java.PendingException();&#10;}&#10;@Then(&quot;the system returns a list of reviews and the average rating&quot;)&#10;public void the_system_returns_a_list_of_reviews_and_the_average_rating() {&#10;    // Write code here that turns the phrase above into concrete actions&#10;    throw new io.cucumber.java.PendingException();&#10;}&#10;" type="io.cucumber.junit.platform.engine.UndefinedStepException"><![CDATA[io.cucumber.junit.platform.engine.UndefinedStepException: 
The step 'a hotel has received reviews from past guests' and 3 other step(s) are undefined.
You can implement these steps using the snippet(s) below:

@Given("a hotel has received reviews from past guests")
public void a_hotel_has_received_reviews_from_past_guests() {
    // Write code here that turns the phrase above into concrete actions
    throw new io.cucumber.java.PendingException();
}
@When("a user calls GET \\/hotels\\/\\{hotelId}\\/reviews")
public void a_user_calls_get_hotels_reviews() {
    // Write code here that turns the phrase above into concrete actions
    throw new io.cucumber.java.PendingException();
}
@Then("the client receives status code of {int}")
public void the_client_receives_status_code_of(Integer int1) {
    // Write code here that turns the phrase above into concrete actions
    throw new io.cucumber.java.PendingException();
}
@Then("the system returns a list of reviews and the average rating")
public void the_system_returns_a_list_of_reviews_and_the_average_rating() {
    // Write code here that turns the phrase above into concrete actions
    throw new io.cucumber.java.PendingException();
}

	at ✽.a hotel has received reviews from past guests(classpath:com/hotelbay/api/reviews_and_ratings.feature:4)
]]></error>
    <system-out><![CDATA[
&amp#27;[1mScenario:&amp#27;[22m View hotel reviews and ratings                            &amp#27;[90m# classpath:com/hotelbay/api/reviews_and_ratings.feature:3&amp#27;[39m
  &amp#27;[33m■&amp#27;[39m &amp#27;[33m&amp#27;[1mGiven &amp#27;[22ma hotel has received reviews from past guests&amp#27;[39m
  &amp#27;[36m↷&amp#27;[39m &amp#27;[36m&amp#27;[1mWhen &amp#27;[22ma user calls GET /hotels/{hotelId}/reviews&amp#27;[39m
  &amp#27;[36m↷&amp#27;[39m &amp#27;[36m&amp#27;[1mThen &amp#27;[22mthe client receives status code of 200&amp#27;[39m
  &amp#27;[36m↷&amp#27;[39m &amp#27;[36m&amp#27;[1mAnd &amp#27;[22mthe system returns a list of reviews and the average rating&amp#27;[39m
]]></system-out>
  </testcase>
  <testcase name="Update review" classname="Reviews and Ratings" time="0.037">
    <error message="The step &apos;the guest has previously submitted a review&apos; and 3 other step(s) are undefined.&#10;You can implement these steps using the snippet(s) below:&#10;&#10;@Given(&quot;the guest has previously submitted a review&quot;)&#10;public void the_guest_has_previously_submitted_a_review() {&#10;    // Write code here that turns the phrase above into concrete actions&#10;    throw new io.cucumber.java.PendingException();&#10;}&#10;@When(&quot;the client calls PUT \\/reviews\\/\\{id} with an updated description&quot;)&#10;public void the_client_calls_put_reviews_with_an_updated_description() {&#10;    // Write code here that turns the phrase above into concrete actions&#10;    throw new io.cucumber.java.PendingException();&#10;}&#10;@Then(&quot;the client receives status code of {int}&quot;)&#10;public void the_client_receives_status_code_of(Integer int1) {&#10;    // Write code here that turns the phrase above into concrete actions&#10;    throw new io.cucumber.java.PendingException();&#10;}&#10;@Then(&quot;the system saves the modified review text&quot;)&#10;public void the_system_saves_the_modified_review_text() {&#10;    // Write code here that turns the phrase above into concrete actions&#10;    throw new io.cucumber.java.PendingException();&#10;}&#10;" type="io.cucumber.junit.platform.engine.UndefinedStepException"><![CDATA[io.cucumber.junit.platform.engine.UndefinedStepException: 
The step 'the guest has previously submitted a review' and 3 other step(s) are undefined.
You can implement these steps using the snippet(s) below:

@Given("the guest has previously submitted a review")
public void the_guest_has_previously_submitted_a_review() {
    // Write code here that turns the phrase above into concrete actions
    throw new io.cucumber.java.PendingException();
}
@When("the client calls PUT \\/reviews\\/\\{id} with an updated description")
public void the_client_calls_put_reviews_with_an_updated_description() {
    // Write code here that turns the phrase above into concrete actions
    throw new io.cucumber.java.PendingException();
}
@Then("the client receives status code of {int}")
public void the_client_receives_status_code_of(Integer int1) {
    // Write code here that turns the phrase above into concrete actions
    throw new io.cucumber.java.PendingException();
}
@Then("the system saves the modified review text")
public void the_system_saves_the_modified_review_text() {
    // Write code here that turns the phrase above into concrete actions
    throw new io.cucumber.java.PendingException();
}

	at ✽.the guest has previously submitted a review(classpath:com/hotelbay/api/reviews_and_ratings.feature:12)
]]></error>
    <system-out><![CDATA[
&amp#27;[1mScenario:&amp#27;[22m Update review                                                 &amp#27;[90m# classpath:com/hotelbay/api/reviews_and_ratings.feature:11&amp#27;[39m
  &amp#27;[33m■&amp#27;[39m &amp#27;[33m&amp#27;[1mGiven &amp#27;[22mthe guest has previously submitted a review&amp#27;[39m
  &amp#27;[36m↷&amp#27;[39m &amp#27;[36m&amp#27;[1mWhen &amp#27;[22mthe client calls PUT /reviews/{id} with an updated description&amp#27;[39m
  &amp#27;[36m↷&amp#27;[39m &amp#27;[36m&amp#27;[1mThen &amp#27;[22mthe client receives status code of 200&amp#27;[39m
  &amp#27;[36m↷&amp#27;[39m &amp#27;[36m&amp#27;[1mAnd &amp#27;[22mthe system saves the modified review text&amp#27;[39m
]]></system-out>
  </testcase>
  <testcase name="Add review" classname="Reviews and Ratings" time="0.023">
    <error message="The step &apos;the guest has a completed reservation for the hotel&apos; and 3 other step(s) are undefined.&#10;You can implement these steps using the snippet(s) below:&#10;&#10;@Given(&quot;the guest has a completed reservation for the hotel&quot;)&#10;public void the_guest_has_a_completed_reservation_for_the_hotel() {&#10;    // Write code here that turns the phrase above into concrete actions&#10;    throw new io.cucumber.java.PendingException();&#10;}&#10;@When(&quot;the client calls POST \\/hotels\\/\\{hotelId}\\/reviews with a textual description&quot;)&#10;public void the_client_calls_post_hotels_reviews_with_a_textual_description() {&#10;    // Write code here that turns the phrase above into concrete actions&#10;    throw new io.cucumber.java.PendingException();&#10;}&#10;@Then(&quot;the client receives status code of {int}&quot;)&#10;public void the_client_receives_status_code_of(Integer int1) {&#10;    // Write code here that turns the phrase above into concrete actions&#10;    throw new io.cucumber.java.PendingException();&#10;}&#10;@Then(&quot;the review is saved to the hotel profile&quot;)&#10;public void the_review_is_saved_to_the_hotel_profile() {&#10;    // Write code here that turns the phrase above into concrete actions&#10;    throw new io.cucumber.java.PendingException();&#10;}&#10;" type="io.cucumber.junit.platform.engine.UndefinedStepException"><![CDATA[io.cucumber.junit.platform.engine.UndefinedStepException: 
The step 'the guest has a completed reservation for the hotel' and 3 other step(s) are undefined.
You can implement these steps using the snippet(s) below:

@Given("the guest has a completed reservation for the hotel")
public void the_guest_has_a_completed_reservation_for_the_hotel() {
    // Write code here that turns the phrase above into concrete actions
    throw new io.cucumber.java.PendingException();
}
@When("the client calls POST \\/hotels\\/\\{hotelId}\\/reviews with a textual description")
public void the_client_calls_post_hotels_reviews_with_a_textual_description() {
    // Write code here that turns the phrase above into concrete actions
    throw new io.cucumber.java.PendingException();
}
@Then("the client receives status code of {int}")
public void the_client_receives_status_code_of(Integer int1) {
    // Write code here that turns the phrase above into concrete actions
    throw new io.cucumber.java.PendingException();
}
@Then("the review is saved to the hotel profile")
public void the_review_is_saved_to_the_hotel_profile() {
    // Write code here that turns the phrase above into concrete actions
    throw new io.cucumber.java.PendingException();
}

	at ✽.the guest has a completed reservation for the hotel(classpath:com/hotelbay/api/reviews_and_ratings.feature:20)
]]></error>
    <system-out><![CDATA[
&amp#27;[1mScenario:&amp#27;[22m Add review                                                                &amp#27;[90m# classpath:com/hotelbay/api/reviews_and_ratings.feature:19&amp#27;[39m
  &amp#27;[33m■&amp#27;[39m &amp#27;[33m&amp#27;[1mGiven &amp#27;[22mthe guest has a completed reservation for the hotel&amp#27;[39m
  &amp#27;[36m↷&amp#27;[39m &amp#27;[36m&amp#27;[1mWhen &amp#27;[22mthe client calls POST /hotels/{hotelId}/reviews with a textual description&amp#27;[39m
  &amp#27;[36m↷&amp#27;[39m &amp#27;[36m&amp#27;[1mThen &amp#27;[22mthe client receives status code of 201&amp#27;[39m
  &amp#27;[36m↷&amp#27;[39m &amp#27;[36m&amp#27;[1mAnd &amp#27;[22mthe review is saved to the hotel profile&amp#27;[39m
]]></system-out>
  </testcase>
  <testcase name="Add rating" classname="Reviews and Ratings" time="0.019">
    <error message="The step &apos;the guest has completed their stay&apos; and 3 other step(s) are undefined.&#10;You can implement these steps using the snippet(s) below:&#10;&#10;@Given(&quot;the guest has completed their stay&quot;)&#10;public void the_guest_has_completed_their_stay() {&#10;    // Write code here that turns the phrase above into concrete actions&#10;    throw new io.cucumber.java.PendingException();&#10;}&#10;@When(&quot;the client calls POST \\/hotels\\/\\{hotelId}\\/ratings with a score from {int} to {int}&quot;)&#10;public void the_client_calls_post_hotels_ratings_with_a_score_from_to(Integer int1, Integer int2) {&#10;    // Write code here that turns the phrase above into concrete actions&#10;    throw new io.cucumber.java.PendingException();&#10;}&#10;@Then(&quot;the client receives status code of {int}&quot;)&#10;public void the_client_receives_status_code_of(Integer int1) {&#10;    // Write code here that turns the phrase above into concrete actions&#10;    throw new io.cucumber.java.PendingException();&#10;}&#10;@Then(&quot;the new rating updates the average hotel score&quot;)&#10;public void the_new_rating_updates_the_average_hotel_score() {&#10;    // Write code here that turns the phrase above into concrete actions&#10;    throw new io.cucumber.java.PendingException();&#10;}&#10;" type="io.cucumber.junit.platform.engine.UndefinedStepException"><![CDATA[io.cucumber.junit.platform.engine.UndefinedStepException: 
The step 'the guest has completed their stay' and 3 other step(s) are undefined.
You can implement these steps using the snippet(s) below:

@Given("the guest has completed their stay")
public void the_guest_has_completed_their_stay() {
    // Write code here that turns the phrase above into concrete actions
    throw new io.cucumber.java.PendingException();
}
@When("the client calls POST \\/hotels\\/\\{hotelId}\\/ratings with a score from {int} to {int}")
public void the_client_calls_post_hotels_ratings_with_a_score_from_to(Integer int1, Integer int2) {
    // Write code here that turns the phrase above into concrete actions
    throw new io.cucumber.java.PendingException();
}
@Then("the client receives status code of {int}")
public void the_client_receives_status_code_of(Integer int1) {
    // Write code here that turns the phrase above into concrete actions
    throw new io.cucumber.java.PendingException();
}
@Then("the new rating updates the average hotel score")
public void the_new_rating_updates_the_average_hotel_score() {
    // Write code here that turns the phrase above into concrete actions
    throw new io.cucumber.java.PendingException();
}

	at ✽.the guest has completed their stay(classpath:com/hotelbay/api/reviews_and_ratings.feature:28)
]]></error>
    <system-out><![CDATA[
&amp#27;[1mScenario:&amp#27;[22m Add rating                                                               &amp#27;[90m# classpath:com/hotelbay/api/reviews_and_ratings.feature:27&amp#27;[39m
  &amp#27;[33m■&amp#27;[39m &amp#27;[33m&amp#27;[1mGiven &amp#27;[22mthe guest has completed their stay&amp#27;[39m
  &amp#27;[36m↷&amp#27;[39m &amp#27;[36m&amp#27;[1mWhen &amp#27;[22mthe client calls POST /hotels/{hotelId}/ratings with a score from 0 to 10&amp#27;[39m
  &amp#27;[36m↷&amp#27;[39m &amp#27;[36m&amp#27;[1mThen &amp#27;[22mthe client receives status code of 201&amp#27;[39m
  &amp#27;[36m↷&amp#27;[39m &amp#27;[36m&amp#27;[1mAnd &amp#27;[22mthe new rating updates the average hotel score&amp#27;[39m
]]></system-out>
  </testcase>
</testsuite>