<?xml version="1.0" encoding="UTF-8"?>
<testsuite xmlns:xsi="http://www.w3.org/2001/XMLSchema-instance" xsi:noNamespaceSchemaLocation="https://maven.apache.org/surefire/maven-surefire-plugin/xsd/surefire-test-report.xsd" version="3.0.2" name="com.hotelbay.RunCucumberTest" time="0.407" tests="37" errors="34" skipped="0" failures="0">
  <properties>
[...]
</properties>
  <testcase name="Hotel Administration - Create hotel" classname="RunCucumberTest" time="0.117">
    <error message="The step &apos;an administrator is authenticated&apos; and 3 other step(s) are undefined.&#10;You can implement these steps using the snippet(s) below:&#10;&#10;@Given(&quot;an administrator is authenticated&quot;)&#10;public void an_administrator_is_authenticated() {&#10;    // Write code here that turns the phrase above into concrete actions&#10;    throw new io.cucumber.java.PendingException();&#10;}&#10;@When(&quot;the administrator submits a request to create a new hotel with name, description, location, and contact information&quot;)&#10;public void the_administrator_submits_a_request_to_create_a_new_hotel_with_name_description_location_and_contact_information() {&#10;    // Write code here that turns the phrase above into concrete actions&#10;    throw new io.cucumber.java.PendingException();&#10;}&#10;@Then(&quot;the system should store the hotel information&quot;)&#10;public void the_system_should_store_the_hotel_information() {&#10;    // Write code here that turns the phrase above into concrete actions&#10;    throw new io.cucumber.java.PendingException();&#10;}&#10;@Then(&quot;the system should return the created hotel details&quot;)&#10;public void the_system_should_return_the_created_hotel_details() {&#10;    // Write code here that turns the phrase above into concrete actions&#10;    throw new io.cucumber.java.PendingException();&#10;}&#10;" type="io.cucumber.junit.platform.engine.UndefinedStepException"><![CDATA[io.cucumber.junit.platform.engine.UndefinedStepException: 
The step 'an administrator is authenticated' and 3 other step(s) are undefined.
You can implement these steps using the snippet(s) below:

@Given("an administrator is authenticated")
public void an_administrator_is_authenticated() {
    // Write code here that turns the phrase above into concrete actions
    throw new io.cucumber.java.PendingException();
}
@When("the administrator submits a request to create a new hotel with name, description, location, and contact information")
public void the_administrator_submits_a_request_to_create_a_new_hotel_with_name_description_location_and_contact_information() {
    // Write code here that turns the phrase above into concrete actions
    throw new io.cucumber.java.PendingException();
}
@Then("the system should store the hotel information")
public void the_system_should_store_the_hotel_information() {
    // Write code here that turns the phrase above into concrete actions
    throw new io.cucumber.java.PendingException();
}
@Then("the system should return the created hotel details")
public void the_system_should_return_the_created_hotel_details() {
    // Write code here that turns the phrase above into concrete actions
    throw new io.cucumber.java.PendingException();
}

	at ✽.an administrator is authenticated(classpath:com/hotelbay/Hotel.feature:4)
]]></error>
    <system-out><![CDATA[
&amp#27;[1mScenario:&amp#27;[22m Create hotel                                                                                                       &amp#27;[90m# classpath:com/hotelbay/Hotel.feature:3&amp#27;[39m
  &amp#27;[33m■&amp#27;[39m &amp#27;[33m&amp#27;[1mGiven &amp#27;[22man administrator is authenticated&amp#27;[39m
  &amp#27;[36m↷&amp#27;[39m &amp#27;[36m&amp#27;[1mWhen &amp#27;[22mthe administrator submits a request to create a new hotel with name, description, location, and contact information&amp#27;[39m
  &amp#27;[36m↷&amp#27;[39m &amp#27;[36m&amp#27;[1mThen &amp#27;[22mthe system should store the hotel information&amp#27;[39m
  &amp#27;[36m↷&amp#27;[39m &amp#27;[36m&amp#27;[1mAnd &amp#27;[22mthe system should return the created hotel details&amp#27;[39m
]]></system-out>
  </testcase>
  <testcase name="Hotel Administration - Update hotel information" classname="RunCucumberTest" time="0.006">
    <error message="The step &apos;a hotel already exists in the system&apos; and 2 other step(s) are undefined.&#10;You can implement these steps using the snippet(s) below:&#10;&#10;@Given(&quot;a hotel already exists in the system&quot;)&#10;public void a_hotel_already_exists_in_the_system() {&#10;    // Write code here that turns the phrase above into concrete actions&#10;    throw new io.cucumber.java.PendingException();&#10;}&#10;@When(&quot;the administrator updates the hotel description or contact information&quot;)&#10;public void the_administrator_updates_the_hotel_description_or_contact_information() {&#10;    // Write code here that turns the phrase above into concrete actions&#10;    throw new io.cucumber.java.PendingException();&#10;}&#10;@Then(&quot;the system should save the updated hotel information&quot;)&#10;public void the_system_should_save_the_updated_hotel_information() {&#10;    // Write code here that turns the phrase above into concrete actions&#10;    throw new io.cucumber.java.PendingException();&#10;}&#10;" type="io.cucumber.junit.platform.engine.UndefinedStepException"><![CDATA[io.cucumber.junit.platform.engine.UndefinedStepException: 
The step 'a hotel already exists in the system' and 2 other step(s) are undefined.
You can implement these steps using the snippet(s) below:

@Given("a hotel already exists in the system")
public void a_hotel_already_exists_in_the_system() {
    // Write code here that turns the phrase above into concrete actions
    throw new io.cucumber.java.PendingException();
}
@When("the administrator updates the hotel description or contact information")
public void the_administrator_updates_the_hotel_description_or_contact_information() {
    // Write code here that turns the phrase above into concrete actions
    throw new io.cucumber.java.PendingException();
}
@Then("the system should save the updated hotel information")
public void the_system_should_save_the_updated_hotel_information() {
    // Write code here that turns the phrase above into concrete actions
    throw new io.cucumber.java.PendingException();
}

	at ✽.a hotel already exists in the system(classpath:com/hotelbay/Hotel.feature:10)
]]></error>
    <system-out><![CDATA[
&amp#27;[1mScenario:&amp#27;[22m Update hotel information                                              &amp#27;[90m# classpath:com/hotelbay/Hotel.feature:9&amp#27;[39m
  &amp#27;[33m■&amp#27;[39m &amp#27;[33m&amp#27;[1mGiven &amp#27;[22ma hotel already exists in the system&amp#27;[39m
  &amp#27;[36m↷&amp#27;[39m &amp#27;[36m&amp#27;[1mWhen &amp#27;[22mthe administrator updates the hotel description or contact information&amp#27;[39m
  &amp#27;[36m↷&amp#27;[39m &amp#27;[36m&amp#27;[1mThen &amp#27;[22mthe system should save the updated hotel information&amp#27;[39m
]]></system-out>
  </testcase>
  <testcase name="Hotel Administration - Activate hotel" classname="RunCucumberTest" time="0.006">
    <error message="The step &apos;a hotel exists but is inactive&apos; and 2 other step(s) are undefined.&#10;You can implement these steps using the snippet(s) below:&#10;&#10;@Given(&quot;a hotel exists but is inactive&quot;)&#10;public void a_hotel_exists_but_is_inactive() {&#10;    // Write code here that turns the phrase above into concrete actions&#10;    throw new io.cucumber.java.PendingException();&#10;}&#10;@When(&quot;the administrator activates the hotel&quot;)&#10;public void the_administrator_activates_the_hotel() {&#10;    // Write code here that turns the phrase above into concrete actions&#10;    throw new io.cucumber.java.PendingException();&#10;}&#10;@Then(&quot;the hotel should become available for room searches and reservations&quot;)&#10;public void the_hotel_should_become_available_for_room_searches_and_reservations() {&#10;    // Write code here that turns the phrase above into concrete actions&#10;    throw new io.cucumber.java.PendingException();&#10;}&#10;" type="io.cucumber.junit.platform.engine.UndefinedStepException"><![CDATA[io.cucumber.junit.platform.engine.UndefinedStepException: 
The step 'a hotel exists but is inactive' and 2 other step(s) are undefined.
You can implement these steps using the snippet(s) below:

@Given("a hotel exists but is inactive")
public void a_hotel_exists_but_is_inactive() {
    // Write code here that turns the phrase above into concrete actions
    throw new io.cucumber.java.PendingException();
}
@When("the administrator activates the hotel")
public void the_administrator_activates_the_hotel() {
    // Write code here that turns the phrase above into concrete actions
    throw new io.cucumber.java.PendingException();
}
@Then("the hotel should become available for room searches and reservations")
public void the_hotel_should_become_available_for_room_searches_and_reservations() {
    // Write code here that turns the phrase above into concrete actions
    throw new io.cucumber.java.PendingException();
}

	at ✽.a hotel exists but is inactive(classpath:com/hotelbay/Hotel.feature:15)
]]></error>
    <system-out><![CDATA[
&amp#27;[1mScenario:&amp#27;[22m Activate hotel                                                      &amp#27;[90m# classpath:com/hotelbay/Hotel.feature:14&amp#27;[39m
  &amp#27;[33m■&amp#27;[39m &amp#27;[33m&amp#27;[1mGiven &amp#27;[22ma hotel exists but is inactive&amp#27;[39m
  &amp#27;[36m↷&amp#27;[39m &amp#27;[36m&amp#27;[1mWhen &amp#27;[22mthe administrator activates the hotel&amp#27;[39m
  &amp#27;[36m↷&amp#27;[39m &amp#27;[36m&amp#27;[1mThen &amp#27;[22mthe hotel should become available for room searches and reservations&amp#27;[39m
]]></system-out>
  </testcase>
  <testcase name="Hotel Administration - Deactivate hotel" classname="RunCucumberTest" time="0.007">
    <error message="The step &apos;a hotel exists and is active&apos; and 3 other step(s) are undefined.&#10;You can implement these steps using the snippet(s) below:&#10;&#10;@Given(&quot;a hotel exists and is active&quot;)&#10;public void a_hotel_exists_and_is_active() {&#10;    // Write code here that turns the phrase above into concrete actions&#10;    throw new io.cucumber.java.PendingException();&#10;}&#10;@When(&quot;the administrator deactivates the hotel&quot;)&#10;public void the_administrator_deactivates_the_hotel() {&#10;    // Write code here that turns the phrase above into concrete actions&#10;    throw new io.cucumber.java.PendingException();&#10;}&#10;@Then(&quot;the hotel should become unavailable for new reservations&quot;)&#10;public void the_hotel_should_become_unavailable_for_new_reservations() {&#10;    // Write code here that turns the phrase above into concrete actions&#10;    throw new io.cucumber.java.PendingException();&#10;}&#10;@Then(&quot;existing reservations should remain valid&quot;)&#10;public void existing_reservations_should_remain_valid() {&#10;    // Write code here that turns the phrase above into concrete actions&#10;    throw new io.cucumber.java.PendingException();&#10;}&#10;" type="io.cucumber.junit.platform.engine.UndefinedStepException"><![CDATA[io.cucumber.junit.platform.engine.UndefinedStepException: 
The step 'a hotel exists and is active' and 3 other step(s) are undefined.
You can implement these steps using the snippet(s) below:

@Given("a hotel exists and is active")
public void a_hotel_exists_and_is_active() {
    // Write code here that turns the phrase above into concrete actions
    throw new io.cucumber.java.PendingException();
}
@When("the administrator deactivates the hotel")
public void the_administrator_deactivates_the_hotel() {
    // Write code here that turns the phrase above into concrete actions
    throw new io.cucumber.java.PendingException();
}
@Then("the hotel should become unavailable for new reservations")
public void the_hotel_should_become_unavailable_for_new_reservations() {
    // Write code here that turns the phrase above into concrete actions
    throw new io.cucumber.java.PendingException();
}
@Then("existing reservations should remain valid")
public void existing_reservations_should_remain_valid() {
    // Write code here that turns the phrase above into concrete actions
    throw new io.cucumber.java.PendingException();
}

	at ✽.a hotel exists and is active(classpath:com/hotelbay/Hotel.feature:20)
]]></error>
    <system-out><![CDATA[
&amp#27;[1mScenario:&amp#27;[22m Deactivate hotel                                        &amp#27;[90m# classpath:com/hotelbay/Hotel.feature:19&amp#27;[39m
  &amp#27;[33m■&amp#27;[39m &amp#27;[33m&amp#27;[1mGiven &amp#27;[22ma hotel exists and is active&amp#27;[39m
  &amp#27;[36m↷&amp#27;[39m &amp#27;[36m&amp#27;[1mWhen &amp#27;[22mthe administrator deactivates the hotel&amp#27;[39m
  &amp#27;[36m↷&amp#27;[39m &amp#27;[36m&amp#27;[1mThen &amp#27;[22mthe hotel should become unavailable for new reservations&amp#27;[39m
  &amp#27;[36m↷&amp#27;[39m &amp#27;[36m&amp#27;[1mAnd &amp#27;[22mexisting reservations should remain valid&amp#27;[39m
]]></system-out>
  </testcase>
  <testcase name="Hotel Administration - Consult hotel details" classname="RunCucumberTest" time="0.006">
    <error message="The step &apos;a hotel exists in the system&apos; and 2 other step(s) are undefined.&#10;You can implement these steps using the snippet(s) below:&#10;&#10;@Given(&quot;a hotel exists in the system&quot;)&#10;public void a_hotel_exists_in_the_system() {&#10;    // Write code here that turns the phrase above into concrete actions&#10;    throw new io.cucumber.java.PendingException();&#10;}&#10;@When(&quot;a user requests the hotel details&quot;)&#10;public void a_user_requests_the_hotel_details() {&#10;    // Write code here that turns the phrase above into concrete actions&#10;    throw new io.cucumber.java.PendingException();&#10;}&#10;@Then(&quot;the system should return the hotel name, description, location, and services&quot;)&#10;public void the_system_should_return_the_hotel_name_description_location_and_services() {&#10;    // Write code here that turns the phrase above into concrete actions&#10;    throw new io.cucumber.java.PendingException();&#10;}&#10;" type="io.cucumber.junit.platform.engine.UndefinedStepException"><![CDATA[io.cucumber.junit.platform.engine.UndefinedStepException: 
The step 'a hotel exists in the system' and 2 other step(s) are undefined.
You can implement these steps using the snippet(s) below:

@Given("a hotel exists in the system")
public void a_hotel_exists_in_the_system() {
    // Write code here that turns the phrase above into concrete actions
    throw new io.cucumber.java.PendingException();
}
@When("a user requests the hotel details")
public void a_user_requests_the_hotel_details() {
    // Write code here that turns the phrase above into concrete actions
    throw new io.cucumber.java.PendingException();
}
@Then("the system should return the hotel name, description, location, and services")
public void the_system_should_return_the_hotel_name_description_location_and_services() {
    // Write code here that turns the phrase above into concrete actions
    throw new io.cucumber.java.PendingException();
}

	at ✽.a hotel exists in the system(classpath:com/hotelbay/Hotel.feature:26)
]]></error>
    <system-out><![CDATA[
&amp#27;[1mScenario:&amp#27;[22m Consult hotel details                                                       &amp#27;[90m# classpath:com/hotelbay/Hotel.feature:25&amp#27;[39m
  &amp#27;[33m■&amp#27;[39m &amp#27;[33m&amp#27;[1mGiven &amp#27;[22ma hotel exists in the system&amp#27;[39m
  &amp#27;[36m↷&amp#27;[39m &amp#27;[36m&amp#27;[1mWhen &amp#27;[22ma user requests the hotel details&amp#27;[39m
  &amp#27;[36m↷&amp#27;[39m &amp#27;[36m&amp#27;[1mThen &amp#27;[22mthe system should return the hotel name, description, location, and services&amp#27;[39m
]]></system-out>
  </testcase>
  <testcase name="Hotel Administration - List all hotels" classname="RunCucumberTest" time="0.005">
    <error message="The step &apos;multiple hotels exist in the system&apos; and 2 other step(s) are undefined.&#10;You can implement these steps using the snippet(s) below:&#10;&#10;@Given(&quot;multiple hotels exist in the system&quot;)&#10;public void multiple_hotels_exist_in_the_system() {&#10;    // Write code here that turns the phrase above into concrete actions&#10;    throw new io.cucumber.java.PendingException();&#10;}&#10;@When(&quot;a user requests the list of hotels&quot;)&#10;public void a_user_requests_the_list_of_hotels() {&#10;    // Write code here that turns the phrase above into concrete actions&#10;    throw new io.cucumber.java.PendingException();&#10;}&#10;@Then(&quot;the system should return all registered hotels&quot;)&#10;public void the_system_should_return_all_registered_hotels() {&#10;    // Write code here that turns the phrase above into concrete actions&#10;    throw new io.cucumber.java.PendingException();&#10;}&#10;" type="io.cucumber.junit.platform.engine.UndefinedStepException"><![CDATA[io.cucumber.junit.platform.engine.UndefinedStepException: 
The step 'multiple hotels exist in the system' and 2 other step(s) are undefined.
You can implement these steps using the snippet(s) below:

@Given("multiple hotels exist in the system")
public void multiple_hotels_exist_in_the_system() {
    // Write code here that turns the phrase above into concrete actions
    throw new io.cucumber.java.PendingException();
}
@When("a user requests the list of hotels")
public void a_user_requests_the_list_of_hotels() {
    // Write code here that turns the phrase above into concrete actions
    throw new io.cucumber.java.PendingException();
}
@Then("the system should return all registered hotels")
public void the_system_should_return_all_registered_hotels() {
    // Write code here that turns the phrase above into concrete actions
    throw new io.cucumber.java.PendingException();
}

	at ✽.multiple hotels exist in the system(classpath:com/hotelbay/Hotel.feature:31)
]]></error>
    <system-out><![CDATA[
&amp#27;[1mScenario:&amp#27;[22m List all hotels                               &amp#27;[90m# classpath:com/hotelbay/Hotel.feature:30&amp#27;[39m
  &amp#27;[33m■&amp#27;[39m &amp#27;[33m&amp#27;[1mGiven &amp#27;[22mmultiple hotels exist in the system&amp#27;[39m
  &amp#27;[36m↷&amp#27;[39m &amp#27;[36m&amp#27;[1mWhen &amp#27;[22ma user requests the list of hotels&amp#27;[39m
  &amp#27;[36m↷&amp#27;[39m &amp#27;[36m&amp#27;[1mThen &amp#27;[22mthe system should return all registered hotels&amp#27;[39m
]]></system-out>
  </testcase>
  <testcase name="Ratings - Add a rating" classname="RunCucumberTest" time="0.013">
    <error message="TODO: implement me" type="io.cucumber.java.PendingException"><![CDATA[io.cucumber.java.PendingException: TODO: implement me
	at com.hotelbay.steps.RatingStepDefinition.a_guest_has_completed_their_stay(RatingStepDefinition.java:12)
	at ✽.a guest has completed their stay(classpath:com/hotelbay/Rating.feature:4)
]]></error>
    <system-out><![CDATA[
&amp#27;[1mScenario:&amp#27;[22m Add a rating                                                &amp#27;[90m# classpath:com/hotelbay/Rating.feature:3&amp#27;[39m
  &amp#27;[33m■&amp#27;[39m &amp#27;[33m&amp#27;[1mGiven &amp#27;[22ma guest has completed their stay&amp#27;[39m                            &amp#27;[90m# com.hotelbay.steps.RatingStepDefinition.a_guest_has_completed_their_stay()&amp#27;[39m
        &amp#27;[33mio.cucumber.java.PendingException: TODO: implement me&amp#27;[39m
        &amp#27;[33m	at com.hotelbay.steps.RatingStepDefinition.a_guest_has_completed_their_stay(RatingStepDefinition.java:12)&amp#27;[39m
        &amp#27;[33m	at ✽.a guest has completed their stay(classpath:com/hotelbay/Rating.feature:4)&amp#27;[39m
  &amp#27;[36m↷&amp#27;[39m &amp#27;[36m&amp#27;[1mWhen &amp#27;[22mthe client calls POST /hotels/{hotelId}/ratings with a score&amp#27;[39m &amp#27;[90m# com.hotelbay.steps.RatingStepDefinition.the_client_calls_post_hotels_ratings_with_a_score()&amp#27;[39m
  &amp#27;[36m↷&amp#27;[39m &amp#27;[36m&amp#27;[1mThen &amp#27;[22mthe response status code should be &amp#27;[1m201&amp#27;[22m&amp#27;[39m                       &amp#27;[90m# com.hotelbay.steps.ReviewsStepDefination.the_response_status_code_should_be(java.lang.Integer)&amp#27;[39m
  &amp#27;[36m↷&amp#27;[39m &amp#27;[36m&amp#27;[1mAnd &amp#27;[22mthe rating is saved&amp#27;[39m                                           &amp#27;[90m# com.hotelbay.steps.RatingStepDefinition.the_rating_is_saved()&amp#27;[39m
]]></system-out>
  </testcase>
  <testcase name="Ratings - View average rating" classname="RunCucumberTest" time="0.003">
    <error message="TODO: implement me" type="io.cucumber.java.PendingException"><![CDATA[io.cucumber.java.PendingException: TODO: implement me
	at com.hotelbay.steps.RatingStepDefinition.a_hotel_has_ratings(RatingStepDefinition.java:28)
	at ✽.a hotel has ratings(classpath:com/hotelbay/Rating.feature:10)
]]></error>
    <system-out><![CDATA[
&amp#27;[1mScenario:&amp#27;[22m View average rating                          &amp#27;[90m# classpath:com/hotelbay/Rating.feature:9&amp#27;[39m
  &amp#27;[33m■&amp#27;[39m &amp#27;[33m&amp#27;[1mGiven &amp#27;[22ma hotel has ratings&amp#27;[39m                          &amp#27;[90m# com.hotelbay.steps.RatingStepDefinition.a_hotel_has_ratings()&amp#27;[39m
        &amp#27;[33mio.cucumber.java.PendingException: TODO: implement me&amp#27;[39m
        &amp#27;[33m	at com.hotelbay.steps.RatingStepDefinition.a_hotel_has_ratings(RatingStepDefinition.java:28)&amp#27;[39m
        &amp#27;[33m	at ✽.a hotel has ratings(classpath:com/hotelbay/Rating.feature:10)&amp#27;[39m
  &amp#27;[36m↷&amp#27;[39m &amp#27;[36m&amp#27;[1mWhen &amp#27;[22mthe client calls GET /hotels/{hotelId}/rating&amp#27;[39m &amp#27;[90m# com.hotelbay.steps.RatingStepDefinition.the_client_calls_get_hotels_rating()&amp#27;[39m
  &amp#27;[36m↷&amp#27;[39m &amp#27;[36m&amp#27;[1mThen &amp#27;[22mthe response status code should be &amp#27;[1m200&amp#27;[22m&amp#27;[39m        &amp#27;[90m# com.hotelbay.steps.ReviewsStepDefination.the_response_status_code_should_be(java.lang.Integer)&amp#27;[39m
  &amp#27;[36m↷&amp#27;[39m &amp#27;[36m&amp#27;[1mAnd &amp#27;[22mthe system returns the average rating&amp#27;[39m          &amp#27;[90m# com.hotelbay.steps.RatingStepDefinition.the_system_returns_the_average_rating()&amp#27;[39m
]]></system-out>
  </testcase>
  <testcase name="Ratings - Update a rating" classname="RunCucumberTest" time="0.004">
    <error message="TODO: implement me" type="io.cucumber.java.PendingException"><![CDATA[io.cucumber.java.PendingException: TODO: implement me
	at com.hotelbay.steps.RatingStepDefinition.a_guest_has_submitted_a_rating(RatingStepDefinition.java:44)
	at ✽.a guest has submitted a rating(classpath:com/hotelbay/Rating.feature:16)
]]></error>
    <system-out><![CDATA[
&amp#27;[1mScenario:&amp#27;[22m Update a rating                                    &amp#27;[90m# classpath:com/hotelbay/Rating.feature:15&amp#27;[39m
  &amp#27;[33m■&amp#27;[39m &amp#27;[33m&amp#27;[1mGiven &amp#27;[22ma guest has submitted a rating&amp#27;[39m                     &amp#27;[90m# com.hotelbay.steps.RatingStepDefinition.a_guest_has_submitted_a_rating()&amp#27;[39m
        &amp#27;[33mio.cucumber.java.PendingException: TODO: implement me&amp#27;[39m
        &amp#27;[33m	at com.hotelbay.steps.RatingStepDefinition.a_guest_has_submitted_a_rating(RatingStepDefinition.java:44)&amp#27;[39m
        &amp#27;[33m	at ✽.a guest has submitted a rating(classpath:com/hotelbay/Rating.feature:16)&amp#27;[39m
  &amp#27;[36m↷&amp#27;[39m &amp#27;[36m&amp#27;[1mWhen &amp#27;[22mthe client calls PUT /ratings/{id} with a new score&amp#27;[39m &amp#27;[90m# com.hotelbay.steps.RatingStepDefinition.the_client_calls_put_ratings_with_a_new_score()&amp#27;[39m
  &amp#27;[36m↷&amp#27;[39m &amp#27;[36m&amp#27;[1mThen &amp#27;[22mthe response status code should be &amp#27;[1m200&amp#27;[22m&amp#27;[39m              &amp#27;[90m# com.hotelbay.steps.ReviewsStepDefination.the_response_status_code_should_be(java.lang.Integer)&amp#27;[39m
  &amp#27;[36m↷&amp#27;[39m &amp#27;[36m&amp#27;[1mAnd &amp#27;[22mthe rating is updated&amp#27;[39m                                &amp#27;[90m# com.hotelbay.steps.RatingStepDefinition.the_rating_is_updated()&amp#27;[39m
]]></system-out>
  </testcase>
  <testcase name="Ratings - Reject invalid rating" classname="RunCucumberTest" time="0.006">
    <error message="TODO: implement me" type="io.cucumber.java.PendingException"><![CDATA[io.cucumber.java.PendingException: TODO: implement me
	at com.hotelbay.steps.RatingStepDefinition.a_guest_has_completed_their_stay(RatingStepDefinition.java:12)
	at ✽.a guest has completed their stay(classpath:com/hotelbay/Rating.feature:22)
]]></error>
    <system-out><![CDATA[
&amp#27;[1mScenario:&amp#27;[22m Reject invalid rating                                                &amp#27;[90m# classpath:com/hotelbay/Rating.feature:21&amp#27;[39m
  &amp#27;[33m■&amp#27;[39m &amp#27;[33m&amp#27;[1mGiven &amp#27;[22ma guest has completed their stay&amp#27;[39m                                     &amp#27;[90m# com.hotelbay.steps.RatingStepDefinition.a_guest_has_completed_their_stay()&amp#27;[39m
        &amp#27;[33mio.cucumber.java.PendingException: TODO: implement me&amp#27;[39m
        &amp#27;[33m	at com.hotelbay.steps.RatingStepDefinition.a_guest_has_completed_their_stay(RatingStepDefinition.java:12)&amp#27;[39m
        &amp#27;[33m	at ✽.a guest has completed their stay(classpath:com/hotelbay/Rating.feature:22)&amp#27;[39m
  &amp#27;[36m↷&amp#27;[39m &amp#27;[36m&amp#27;[1mWhen &amp#27;[22mthe client calls POST /hotels/{hotelId}/ratings with an invalid score&amp#27;[39m
  &amp#27;[36m↷&amp#27;[39m &amp#27;[36m&amp#27;[1mThen &amp#27;[22mthe response status code should be &amp#27;[1m400&amp#27;[22m&amp#27;[39m                                &amp#27;[90m# com.hotelbay.steps.ReviewsStepDefination.the_response_status_code_should_be(java.lang.Integer)&amp#27;[39m
  &amp#27;[36m↷&amp#27;[39m &amp#27;[36m&amp#27;[1mAnd &amp#27;[22man error message is returned&amp#27;[39m                                           &amp#27;[90m# com.hotelbay.steps.RefundStepDefinition.an_error_message_is_returned()&amp#27;[39m
]]></system-out>
  </testcase>
  <testcase name="Refund Management - Request refund" classname="RunCucumberTest" time="0.004">
    <error message="TODO: implement me" type="io.cucumber.java.PendingException"><![CDATA[io.cucumber.java.PendingException: TODO: implement me
	at com.hotelbay.steps.RefundStepDefinition.a_guest_has_a_canceled_reservation_eligible_for_a_refund(RefundStepDefinition.java:12)
	at ✽.a guest has a canceled reservation eligible for a refund(classpath:com/hotelbay/Refund.feature:4)
]]></error>
    <system-out><![CDATA[
&amp#27;[1mScenario:&amp#27;[22m Request refund                                           &amp#27;[90m# classpath:com/hotelbay/Refund.feature:3&amp#27;[39m
  &amp#27;[33m■&amp#27;[39m &amp#27;[33m&amp#27;[1mGiven &amp#27;[22ma guest has a canceled reservation eligible for a refund&amp#27;[39m &amp#27;[90m# com.hotelbay.steps.RefundStepDefinition.a_guest_has_a_canceled_reservation_eligible_for_a_refund()&amp#27;[39m
        &amp#27;[33mio.cucumber.java.PendingException: TODO: implement me&amp#27;[39m
        &amp#27;[33m	at com.hotelbay.steps.RefundStepDefinition.a_guest_has_a_canceled_reservation_eligible_for_a_refund(RefundStepDefinition.java:12)&amp#27;[39m
        &amp#27;[33m	at ✽.a guest has a canceled reservation eligible for a refund(classpath:com/hotelbay/Refund.feature:4)&amp#27;[39m
  &amp#27;[36m↷&amp#27;[39m &amp#27;[36m&amp#27;[1mWhen &amp#27;[22mthe client calls POST /refunds with the reservation ID&amp#27;[39m    &amp#27;[90m# com.hotelbay.steps.RefundStepDefinition.the_client_calls_post_refunds_with_the_reservation_id()&amp#27;[39m
  &amp#27;[36m↷&amp#27;[39m &amp#27;[36m&amp#27;[1mThen &amp#27;[22mthe client receives status code of &amp#27;[1m201&amp#27;[22m&amp#27;[39m                    &amp#27;[90m# com.hotelbay.steps.RefundStepDefinition.the_client_receives_status_code_of(java.lang.Integer)&amp#27;[39m
  &amp#27;[36m↷&amp#27;[39m &amp#27;[36m&amp#27;[1mAnd &amp#27;[22mthe refund request is recorded as pending&amp#27;[39m                  &amp#27;[90m# com.hotelbay.steps.RefundStepDefinition.the_refund_request_is_recorded_as_pending()&amp#27;[39m
]]></system-out>
  </testcase>
  <testcase name="Refund Management - Approve refund" classname="RunCucumberTest" time="0.005">
    <error message="TODO: implement me" type="io.cucumber.java.PendingException"><![CDATA[io.cucumber.java.PendingException: TODO: implement me
	at com.hotelbay.steps.RefundStepDefinition.a_pending_refund_request_exists(RefundStepDefinition.java:33)
	at ✽.a pending refund request exists(classpath:com/hotelbay/Refund.feature:10)
]]></error>
    <system-out><![CDATA[
&amp#27;[1mScenario:&amp#27;[22m Approve refund                                   &amp#27;[90m# classpath:com/hotelbay/Refund.feature:9&amp#27;[39m
  &amp#27;[33m■&amp#27;[39m &amp#27;[33m&amp#27;[1mGiven &amp#27;[22ma pending refund request exists&amp#27;[39m                  &amp#27;[90m# com.hotelbay.steps.RefundStepDefinition.a_pending_refund_request_exists()&amp#27;[39m
        &amp#27;[33mio.cucumber.java.PendingException: TODO: implement me&amp#27;[39m
        &amp#27;[33m	at com.hotelbay.steps.RefundStepDefinition.a_pending_refund_request_exists(RefundStepDefinition.java:33)&amp#27;[39m
        &amp#27;[33m	at ✽.a pending refund request exists(classpath:com/hotelbay/Refund.feature:10)&amp#27;[39m
  &amp#27;[36m↷&amp#27;[39m &amp#27;[36m&amp#27;[1mWhen &amp#27;[22mthe administrator calls PUT /refunds/{id}/approve&amp#27;[39m &amp#27;[90m# com.hotelbay.steps.RefundStepDefinition.the_administrator_calls_put_refunds_approve()&amp#27;[39m
  &amp#27;[36m↷&amp#27;[39m &amp#27;[36m&amp#27;[1mThen &amp#27;[22mthe administrator receives status code of &amp#27;[1m200&amp#27;[22m&amp#27;[39m     &amp#27;[90m# com.hotelbay.steps.RefundStepDefinition.the_administrator_receives_status_code_of(java.lang.Integer)&amp#27;[39m
  &amp#27;[36m↷&amp#27;[39m &amp#27;[36m&amp#27;[1mAnd &amp#27;[22mthe refund status is updated to approved&amp#27;[39m           &amp#27;[90m# com.hotelbay.steps.RefundStepDefinition.the_refund_status_is_updated_to_approved()&amp#27;[39m
]]></system-out>
  </testcase>
  <testcase name="Refund Management - Process refund" classname="RunCucumberTest" time="0.004">
    <error message="TODO: implement me" type="io.cucumber.java.PendingException"><![CDATA[io.cucumber.java.PendingException: TODO: implement me
	at com.hotelbay.steps.RefundStepDefinition.an_administrator_has_approved_a_refund_request(RefundStepDefinition.java:54)
	at ✽.an administrator has approved a refund request(classpath:com/hotelbay/Refund.feature:16)
]]></error>
    <system-out><![CDATA[
&amp#27;[1mScenario:&amp#27;[22m Process refund                                                    &amp#27;[90m# classpath:com/hotelbay/Refund.feature:15&amp#27;[39m
  &amp#27;[33m■&amp#27;[39m &amp#27;[33m&amp#27;[1mGiven &amp#27;[22man administrator has approved a refund request&amp#27;[39m                    &amp#27;[90m# com.hotelbay.steps.RefundStepDefinition.an_administrator_has_approved_a_refund_request()&amp#27;[39m
        &amp#27;[33mio.cucumber.java.PendingException: TODO: implement me&amp#27;[39m
        &amp#27;[33m	at com.hotelbay.steps.RefundStepDefinition.an_administrator_has_approved_a_refund_request(RefundStepDefinition.java:54)&amp#27;[39m
        &amp#27;[33m	at ✽.an administrator has approved a refund request(classpath:com/hotelbay/Refund.feature:16)&amp#27;[39m
  &amp#27;[36m↷&amp#27;[39m &amp#27;[36m&amp#27;[1mWhen &amp#27;[22mthe system processes the transaction via PUT /refunds/{id}/process&amp#27;[39m &amp#27;[90m# com.hotelbay.steps.RefundStepDefinition.the_system_processes_the_transaction_via_put_refunds_process()&amp#27;[39m
  &amp#27;[36m↷&amp#27;[39m &amp#27;[36m&amp#27;[1mThen &amp#27;[22mthe API returns status code of &amp#27;[1m200&amp#27;[22m&amp#27;[39m                                 &amp#27;[90m# com.hotelbay.steps.RefundStepDefinition.the_api_returns_status_code_of(java.lang.Integer)&amp#27;[39m
  &amp#27;[36m↷&amp#27;[39m &amp#27;[36m&amp#27;[1mAnd &amp#27;[22mthe refund status is marked as completed&amp#27;[39m                            &amp#27;[90m# com.hotelbay.steps.RefundStepDefinition.the_refund_status_is_marked_as_completed()&amp#27;[39m
]]></system-out>
  </testcase>
  <testcase name="Refund Management - Reject refund request for invalid reservation" classname="RunCucumberTest" time="0.003">
    <error message="TODO: implement me" type="io.cucumber.java.PendingException"><![CDATA[io.cucumber.java.PendingException: TODO: implement me
	at com.hotelbay.steps.RefundStepDefinition.a_reservation_is_not_eligible_for_a_refund(RefundStepDefinition.java:75)
	at ✽.a reservation is not eligible for a refund(classpath:com/hotelbay/Refund.feature:22)
]]></error>
    <system-out><![CDATA[
&amp#27;[1mScenario:&amp#27;[22m Reject refund request for invalid reservation         &amp#27;[90m# classpath:com/hotelbay/Refund.feature:21&amp#27;[39m
  &amp#27;[33m■&amp#27;[39m &amp#27;[33m&amp#27;[1mGiven &amp#27;[22ma reservation is not eligible for a refund&amp#27;[39m            &amp#27;[90m# com.hotelbay.steps.RefundStepDefinition.a_reservation_is_not_eligible_for_a_refund()&amp#27;[39m
        &amp#27;[33mio.cucumber.java.PendingException: TODO: implement me&amp#27;[39m
        &amp#27;[33m	at com.hotelbay.steps.RefundStepDefinition.a_reservation_is_not_eligible_for_a_refund(RefundStepDefinition.java:75)&amp#27;[39m
        &amp#27;[33m	at ✽.a reservation is not eligible for a refund(classpath:com/hotelbay/Refund.feature:22)&amp#27;[39m
  &amp#27;[36m↷&amp#27;[39m &amp#27;[36m&amp#27;[1mWhen &amp#27;[22mthe client calls POST /refunds with the reservation ID&amp#27;[39m &amp#27;[90m# com.hotelbay.steps.RefundStepDefinition.the_client_calls_post_refunds_with_the_reservation_id()&amp#27;[39m
  &amp#27;[36m↷&amp#27;[39m &amp#27;[36m&amp#27;[1mThen &amp#27;[22mthe response status code should be &amp#27;[1m400&amp#27;[22m&amp#27;[39m                 &amp#27;[90m# com.hotelbay.steps.ReviewsStepDefination.the_response_status_code_should_be(java.lang.Integer)&amp#27;[39m
  &amp#27;[36m↷&amp#27;[39m &amp#27;[36m&amp#27;[1mAnd &amp#27;[22man error message is returned&amp#27;[39m                            &amp#27;[90m# com.hotelbay.steps.RefundStepDefinition.an_error_message_is_returned()&amp#27;[39m
]]></system-out>
  </testcase>
  <testcase name="Reviews - View hotel reviews" classname="RunCucumberTest" time="0.007">
    <system-out><![CDATA[
&amp#27;[1mScenario:&amp#27;[22m View hotel reviews                            &amp#27;[90m# classpath:com/hotelbay/Reviews.feature:3&amp#27;[39m
  &amp#27;[32m✔&amp#27;[39m &amp#27;[32m&amp#27;[1mGiven &amp#27;[22ma hotel has received reviews from past guests&amp#27;[39m &amp#27;[90m# com.hotelbay.steps.ReviewsStepDefination.a_hotel_has_received_reviews_from_past_guests()&amp#27;[39m
  &amp#27;[32m✔&amp#27;[39m &amp#27;[32m&amp#27;[1mWhen &amp#27;[22mthe client calls GET /hotels/{hotelId}/reviews&amp#27;[39m &amp#27;[90m# com.hotelbay.steps.ReviewsStepDefination.the_client_calls_get_hotels_reviews()&amp#27;[39m
  &amp#27;[32m✔&amp#27;[39m &amp#27;[32m&amp#27;[1mThen &amp#27;[22mthe response status code should be &amp#27;[1m200&amp#27;[22m&amp#27;[39m         &amp#27;[90m# com.hotelbay.steps.ReviewsStepDefination.the_response_status_code_should_be(java.lang.Integer)&amp#27;[39m
  &amp#27;[32m✔&amp#27;[39m &amp#27;[32m&amp#27;[1mAnd &amp#27;[22mthe system returns a list of reviews&amp#27;[39m            &amp#27;[90m# com.hotelbay.steps.ReviewsStepDefination.the_system_returns_a_list_of_reviews()&amp#27;[39m
]]></system-out>
  </testcase>
  <testcase name="Reviews - Update a review" classname="RunCucumberTest" time="0.003">
    <system-out><![CDATA[
&amp#27;[1mScenario:&amp#27;[22m Update a review                                               &amp#27;[90m# classpath:com/hotelbay/Reviews.feature:9&amp#27;[39m
  &amp#27;[32m✔&amp#27;[39m &amp#27;[32m&amp#27;[1mGiven &amp#27;[22ma guest has previously submitted a review&amp#27;[39m                     &amp#27;[90m# com.hotelbay.steps.ReviewsStepDefination.a_guest_has_previously_submitted_a_review()&amp#27;[39m
  &amp#27;[32m✔&amp#27;[39m &amp#27;[32m&amp#27;[1mWhen &amp#27;[22mthe client calls PUT /reviews/{id} with an updated description&amp#27;[39m &amp#27;[90m# com.hotelbay.steps.ReviewsStepDefination.the_client_calls_put_reviews_with_an_updated_description()&amp#27;[39m
  &amp#27;[32m✔&amp#27;[39m &amp#27;[32m&amp#27;[1mThen &amp#27;[22mthe response status code should be &amp#27;[1m200&amp#27;[22m&amp#27;[39m                         &amp#27;[90m# com.hotelbay.steps.ReviewsStepDefination.the_response_status_code_should_be(java.lang.Integer)&amp#27;[39m
  &amp#27;[32m✔&amp#27;[39m &amp#27;[32m&amp#27;[1mAnd &amp#27;[22mthe system updates the review text&amp#27;[39m                              &amp#27;[90m# com.hotelbay.steps.ReviewsStepDefination.the_system_updates_the_review_text()&amp#27;[39m
]]></system-out>
  </testcase>
  <testcase name="Reviews - Add a review" classname="RunCucumberTest" time="0.003">
    <system-out><![CDATA[
&amp#27;[1mScenario:&amp#27;[22m Add a review                                                              &amp#27;[90m# classpath:com/hotelbay/Reviews.feature:15&amp#27;[39m
  &amp#27;[32m✔&amp#27;[39m &amp#27;[32m&amp#27;[1mGiven &amp#27;[22ma guest has a completed reservation for the hotel&amp#27;[39m                         &amp#27;[90m# com.hotelbay.steps.ReviewsStepDefination.a_guest_has_a_completed_reservation_for_the_hotel()&amp#27;[39m
  &amp#27;[32m✔&amp#27;[39m &amp#27;[32m&amp#27;[1mWhen &amp#27;[22mthe client calls POST /hotels/{hotelId}/reviews with a textual description&amp#27;[39m &amp#27;[90m# com.hotelbay.steps.ReviewsStepDefination.the_client_calls_post_hotels_reviews_with_a_textual_description()&amp#27;[39m
  &amp#27;[32m✔&amp#27;[39m &amp#27;[32m&amp#27;[1mThen &amp#27;[22mthe response status code should be &amp#27;[1m201&amp#27;[22m&amp#27;[39m                                     &amp#27;[90m# com.hotelbay.steps.ReviewsStepDefination.the_response_status_code_should_be(java.lang.Integer)&amp#27;[39m
  &amp#27;[32m✔&amp#27;[39m &amp#27;[32m&amp#27;[1mAnd &amp#27;[22mthe review is saved to the hotel profile&amp#27;[39m                                    &amp#27;[90m# com.hotelbay.steps.ReviewsStepDefination.the_review_is_saved_to_the_hotel_profile()&amp#27;[39m
]]></system-out>
  </testcase>
  <testcase name="Booking Management - Create booking" classname="RunCucumberTest" time="0.006">
    <error message="The step &apos;the client is authenticated as a guest&apos; and 2 other step(s) are undefined.&#10;You can implement these steps using the snippet(s) below:&#10;&#10;@Given(&quot;the client is authenticated as a guest&quot;)&#10;public void the_client_is_authenticated_as_a_guest() {&#10;    // Write code here that turns the phrase above into concrete actions&#10;    throw new io.cucumber.java.PendingException();&#10;}&#10;@When(&quot;the client calls POST \\/bookings with reservation details&quot;)&#10;public void the_client_calls_post_bookings_with_reservation_details() {&#10;    // Write code here that turns the phrase above into concrete actions&#10;    throw new io.cucumber.java.PendingException();&#10;}&#10;@Then(&quot;the pending booking is saved&quot;)&#10;public void the_pending_booking_is_saved() {&#10;    // Write code here that turns the phrase above into concrete actions&#10;    throw new io.cucumber.java.PendingException();&#10;}&#10;" type="io.cucumber.junit.platform.engine.UndefinedStepException"><![CDATA[io.cucumber.junit.platform.engine.UndefinedStepException: 
The step 'the client is authenticated as a guest' and 2 other step(s) are undefined.
You can implement these steps using the snippet(s) below:

@Given("the client is authenticated as a guest")
public void the_client_is_authenticated_as_a_guest() {
    // Write code here that turns the phrase above into concrete actions
    throw new io.cucumber.java.PendingException();
}
@When("the client calls POST \\/bookings with reservation details")
public void the_client_calls_post_bookings_with_reservation_details() {
    // Write code here that turns the phrase above into concrete actions
    throw new io.cucumber.java.PendingException();
}
@Then("the pending booking is saved")
public void the_pending_booking_is_saved() {
    // Write code here that turns the phrase above into concrete actions
    throw new io.cucumber.java.PendingException();
}

	at ✽.the client is authenticated as a guest(classpath:com/hotelbay/booking_management.feature:4)
]]></error>
    <system-out><![CDATA[
&amp#27;[1mScenario:&amp#27;[22m Create booking                                          &amp#27;[90m# classpath:com/hotelbay/booking_management.feature:3&amp#27;[39m
  &amp#27;[33m■&amp#27;[39m &amp#27;[33m&amp#27;[1mGiven &amp#27;[22mthe client is authenticated as a guest&amp#27;[39m
  &amp#27;[36m↷&amp#27;[39m &amp#27;[36m&amp#27;[1mWhen &amp#27;[22mthe client calls POST /bookings with reservation details&amp#27;[39m
  &amp#27;[36m↷&amp#27;[39m &amp#27;[36m&amp#27;[1mThen &amp#27;[22mthe client receives status code of &amp#27;[1m201&amp#27;[22m&amp#27;[39m                   &amp#27;[90m# com.hotelbay.steps.RefundStepDefinition.the_client_receives_status_code_of(java.lang.Integer)&amp#27;[39m
  &amp#27;[36m↷&amp#27;[39m &amp#27;[36m&amp#27;[1mAnd &amp#27;[22mthe pending booking is saved&amp#27;[39m
]]></system-out>
  </testcase>
  <testcase name="Booking Management - Cancel booking" classname="RunCucumberTest" time="0.006">
    <error message="The step &apos;the guest has a confirmed reservation&apos; and 2 other step(s) are undefined.&#10;You can implement these steps using the snippet(s) below:&#10;&#10;@Given(&quot;the guest has a confirmed reservation&quot;)&#10;public void the_guest_has_a_confirmed_reservation() {&#10;    // Write code here that turns the phrase above into concrete actions&#10;    throw new io.cucumber.java.PendingException();&#10;}&#10;@When(&quot;the client calls PUT \\/bookings\\/\\{id}\\/cancel&quot;)&#10;public void the_client_calls_put_bookings_cancel() {&#10;    // Write code here that turns the phrase above into concrete actions&#10;    throw new io.cucumber.java.PendingException();&#10;}&#10;@Then(&quot;the reservation is marked as canceled&quot;)&#10;public void the_reservation_is_marked_as_canceled() {&#10;    // Write code here that turns the phrase above into concrete actions&#10;    throw new io.cucumber.java.PendingException();&#10;}&#10;" type="io.cucumber.junit.platform.engine.UndefinedStepException"><![CDATA[io.cucumber.junit.platform.engine.UndefinedStepException: 
The step 'the guest has a confirmed reservation' and 2 other step(s) are undefined.
You can implement these steps using the snippet(s) below:

@Given("the guest has a confirmed reservation")
public void the_guest_has_a_confirmed_reservation() {
    // Write code here that turns the phrase above into concrete actions
    throw new io.cucumber.java.PendingException();
}
@When("the client calls PUT \\/bookings\\/\\{id}\\/cancel")
public void the_client_calls_put_bookings_cancel() {
    // Write code here that turns the phrase above into concrete actions
    throw new io.cucumber.java.PendingException();
}
@Then("the reservation is marked as canceled")
public void the_reservation_is_marked_as_canceled() {
    // Write code here that turns the phrase above into concrete actions
    throw new io.cucumber.java.PendingException();
}

	at ✽.the guest has a confirmed reservation(classpath:com/hotelbay/booking_management.feature:10)
]]></error>
    <system-out><![CDATA[
&amp#27;[1mScenario:&amp#27;[22m Cancel booking                            &amp#27;[90m# classpath:com/hotelbay/booking_management.feature:9&amp#27;[39m
  &amp#27;[33m■&amp#27;[39m &amp#27;[33m&amp#27;[1mGiven &amp#27;[22mthe guest has a confirmed reservation&amp#27;[39m
  &amp#27;[36m↷&amp#27;[39m &amp#27;[36m&amp#27;[1mWhen &amp#27;[22mthe client calls PUT /bookings/{id}/cancel&amp#27;[39m
  &amp#27;[36m↷&amp#27;[39m &amp#27;[36m&amp#27;[1mThen &amp#27;[22mthe client receives status code of &amp#27;[1m200&amp#27;[22m&amp#27;[39m     &amp#27;[90m# com.hotelbay.steps.RefundStepDefinition.the_client_receives_status_code_of(java.lang.Integer)&amp#27;[39m
  &amp#27;[36m↷&amp#27;[39m &amp#27;[36m&amp#27;[1mAnd &amp#27;[22mthe reservation is marked as canceled&amp#27;[39m
]]></system-out>
  </testcase>
  <testcase name="Booking Management - View booking details" classname="RunCucumberTest" time="0.005">
    <error message="The step &apos;the guest has an existing reservation&apos; and 2 other step(s) are undefined.&#10;You can implement these steps using the snippet(s) below:&#10;&#10;@Given(&quot;the guest has an existing reservation&quot;)&#10;public void the_guest_has_an_existing_reservation() {&#10;    // Write code here that turns the phrase above into concrete actions&#10;    throw new io.cucumber.java.PendingException();&#10;}&#10;@When(&quot;the client calls GET \\/bookings\\/\\{id}&quot;)&#10;public void the_client_calls_get_bookings() {&#10;    // Write code here that turns the phrase above into concrete actions&#10;    throw new io.cucumber.java.PendingException();&#10;}&#10;@Then(&quot;the system returns the reservation details&quot;)&#10;public void the_system_returns_the_reservation_details() {&#10;    // Write code here that turns the phrase above into concrete actions&#10;    throw new io.cucumber.java.PendingException();&#10;}&#10;" type="io.cucumber.junit.platform.engine.UndefinedStepException"><![CDATA[io.cucumber.junit.platform.engine.UndefinedStepException: 
The step 'the guest has an existing reservation' and 2 other step(s) are undefined.
You can implement these steps using the snippet(s) below:

@Given("the guest has an existing reservation")
public void the_guest_has_an_existing_reservation() {
    // Write code here that turns the phrase above into concrete actions
    throw new io.cucumber.java.PendingException();
}
@When("the client calls GET \\/bookings\\/\\{id}")
public void the_client_calls_get_bookings() {
    // Write code here that turns the phrase above into concrete actions
    throw new io.cucumber.java.PendingException();
}
@Then("the system returns the reservation details")
public void the_system_returns_the_reservation_details() {
    // Write code here that turns the phrase above into concrete actions
    throw new io.cucumber.java.PendingException();
}

	at ✽.the guest has an existing reservation(classpath:com/hotelbay/booking_management.feature:16)
]]></error>
    <system-out><![CDATA[
&amp#27;[1mScenario:&amp#27;[22m View booking details                     &amp#27;[90m# classpath:com/hotelbay/booking_management.feature:15&amp#27;[39m
  &amp#27;[33m■&amp#27;[39m &amp#27;[33m&amp#27;[1mGiven &amp#27;[22mthe guest has an existing reservation&amp#27;[39m
  &amp#27;[36m↷&amp#27;[39m &amp#27;[36m&amp#27;[1mWhen &amp#27;[22mthe client calls GET /bookings/{id}&amp#27;[39m
  &amp#27;[36m↷&amp#27;[39m &amp#27;[36m&amp#27;[1mThen &amp#27;[22mthe client receives status code of &amp#27;[1m200&amp#27;[22m&amp#27;[39m    &amp#27;[90m# com.hotelbay.steps.RefundStepDefinition.the_client_receives_status_code_of(java.lang.Integer)&amp#27;[39m
  &amp#27;[36m↷&amp#27;[39m &amp#27;[36m&amp#27;[1mAnd &amp#27;[22mthe system returns the reservation details&amp#27;[39m
]]></system-out>
  </testcase>
  <testcase name="Booking Management - List user bookings" classname="RunCucumberTest" time="0.005">
    <error message="The step &apos;the client is authenticated as a guest&apos; and 2 other step(s) are undefined.&#10;You can implement these steps using the snippet(s) below:&#10;&#10;@Given(&quot;the client is authenticated as a guest&quot;)&#10;public void the_client_is_authenticated_as_a_guest() {&#10;    // Write code here that turns the phrase above into concrete actions&#10;    throw new io.cucumber.java.PendingException();&#10;}&#10;@When(&quot;the client calls GET \\/users\\/\\{userId}\\/bookings&quot;)&#10;public void the_client_calls_get_users_bookings() {&#10;    // Write code here that turns the phrase above into concrete actions&#10;    throw new io.cucumber.java.PendingException();&#10;}&#10;@Then(&quot;the system returns a list of the user&apos;s reservations&quot;)&#10;public void the_system_returns_a_list_of_the_user_s_reservations() {&#10;    // Write code here that turns the phrase above into concrete actions&#10;    throw new io.cucumber.java.PendingException();&#10;}&#10;" type="io.cucumber.junit.platform.engine.UndefinedStepException"><![CDATA[io.cucumber.junit.platform.engine.UndefinedStepException: 
The step 'the client is authenticated as a guest' and 2 other step(s) are undefined.
You can implement these steps using the snippet(s) below:

@Given("the client is authenticated as a guest")
public void the_client_is_authenticated_as_a_guest() {
    // Write code here that turns the phrase above into concrete actions
    throw new io.cucumber.java.PendingException();
}
@When("the client calls GET \\/users\\/\\{userId}\\/bookings")
public void the_client_calls_get_users_bookings() {
    // Write code here that turns the phrase above into concrete actions
    throw new io.cucumber.java.PendingException();
}
@Then("the system returns a list of the user's reservations")
public void the_system_returns_a_list_of_the_user_s_reservations() {
    // Write code here that turns the phrase above into concrete actions
    throw new io.cucumber.java.PendingException();
}

	at ✽.the client is authenticated as a guest(classpath:com/hotelbay/booking_management.feature:22)
]]></error>
    <system-out><![CDATA[
&amp#27;[1mScenario:&amp#27;[22m List user bookings                                 &amp#27;[90m# classpath:com/hotelbay/booking_management.feature:21&amp#27;[39m
  &amp#27;[33m■&amp#27;[39m &amp#27;[33m&amp#27;[1mGiven &amp#27;[22mthe client is authenticated as a guest&amp#27;[39m
  &amp#27;[36m↷&amp#27;[39m &amp#27;[36m&amp#27;[1mWhen &amp#27;[22mthe client calls GET /users/{userId}/bookings&amp#27;[39m
  &amp#27;[36m↷&amp#27;[39m &amp#27;[36m&amp#27;[1mThen &amp#27;[22mthe client receives status code of &amp#27;[1m200&amp#27;[22m&amp#27;[39m              &amp#27;[90m# com.hotelbay.steps.RefundStepDefinition.the_client_receives_status_code_of(java.lang.Integer)&amp#27;[39m
  &amp#27;[36m↷&amp#27;[39m &amp#27;[36m&amp#27;[1mAnd &amp#27;[22mthe system returns a list of the user's reservations&amp#27;[39m
]]></system-out>
  </testcase>
  <testcase name="Booking Management - Check room availability" classname="RunCucumberTest" time="0.004">
    <error message="The step &apos;the user provides check-in and check-out dates&apos; and 2 other step(s) are undefined.&#10;You can implement these steps using the snippet(s) below:&#10;&#10;@Given(&quot;the user provides check-in and check-out dates&quot;)&#10;public void the_user_provides_check_in_and_check_out_dates() {&#10;    // Write code here that turns the phrase above into concrete actions&#10;    throw new io.cucumber.java.PendingException();&#10;}&#10;@When(&quot;the client calls GET \\/rooms\\/availability&quot;)&#10;public void the_client_calls_get_rooms_availability() {&#10;    // Write code here that turns the phrase above into concrete actions&#10;    throw new io.cucumber.java.PendingException();&#10;}&#10;@Then(&quot;the system returns a list of available rooms&quot;)&#10;public void the_system_returns_a_list_of_available_rooms() {&#10;    // Write code here that turns the phrase above into concrete actions&#10;    throw new io.cucumber.java.PendingException();&#10;}&#10;" type="io.cucumber.junit.platform.engine.UndefinedStepException"><![CDATA[io.cucumber.junit.platform.engine.UndefinedStepException: 
The step 'the user provides check-in and check-out dates' and 2 other step(s) are undefined.
You can implement these steps using the snippet(s) below:

@Given("the user provides check-in and check-out dates")
public void the_user_provides_check_in_and_check_out_dates() {
    // Write code here that turns the phrase above into concrete actions
    throw new io.cucumber.java.PendingException();
}
@When("the client calls GET \\/rooms\\/availability")
public void the_client_calls_get_rooms_availability() {
    // Write code here that turns the phrase above into concrete actions
    throw new io.cucumber.java.PendingException();
}
@Then("the system returns a list of available rooms")
public void the_system_returns_a_list_of_available_rooms() {
    // Write code here that turns the phrase above into concrete actions
    throw new io.cucumber.java.PendingException();
}

	at ✽.the user provides check-in and check-out dates(classpath:com/hotelbay/booking_management.feature:28)
]]></error>
    <system-out><![CDATA[
&amp#27;[1mScenario:&amp#27;[22m Check room availability                        &amp#27;[90m# classpath:com/hotelbay/booking_management.feature:27&amp#27;[39m
  &amp#27;[33m■&amp#27;[39m &amp#27;[33m&amp#27;[1mGiven &amp#27;[22mthe user provides check-in and check-out dates&amp#27;[39m
  &amp#27;[36m↷&amp#27;[39m &amp#27;[36m&amp#27;[1mWhen &amp#27;[22mthe client calls GET /rooms/availability&amp#27;[39m
  &amp#27;[36m↷&amp#27;[39m &amp#27;[36m&amp#27;[1mThen &amp#27;[22mthe client receives status code of &amp#27;[1m200&amp#27;[22m&amp#27;[39m          &amp#27;[90m# com.hotelbay.steps.RefundStepDefinition.the_client_receives_status_code_of(java.lang.Integer)&amp#27;[39m
  &amp#27;[36m↷&amp#27;[39m &amp#27;[36m&amp#27;[1mAnd &amp#27;[22mthe system returns a list of available rooms&amp#27;[39m
]]></system-out>
  </testcase>
  <testcase name="Payment Management - Process payment" classname="RunCucumberTest" time="0.005">
    <error message="The step &apos;the guest has a pending reservation&apos; and 2 other step(s) are undefined.&#10;You can implement these steps using the snippet(s) below:&#10;&#10;@Given(&quot;the guest has a pending reservation&quot;)&#10;public void the_guest_has_a_pending_reservation() {&#10;    // Write code here that turns the phrase above into concrete actions&#10;    throw new io.cucumber.java.PendingException();&#10;}&#10;@When(&quot;the client calls POST \\/payments with a payment amount&quot;)&#10;public void the_client_calls_post_payments_with_a_payment_amount() {&#10;    // Write code here that turns the phrase above into concrete actions&#10;    throw new io.cucumber.java.PendingException();&#10;}&#10;@Then(&quot;the payment status is set to processing&quot;)&#10;public void the_payment_status_is_set_to_processing() {&#10;    // Write code here that turns the phrase above into concrete actions&#10;    throw new io.cucumber.java.PendingException();&#10;}&#10;" type="io.cucumber.junit.platform.engine.UndefinedStepException"><![CDATA[io.cucumber.junit.platform.engine.UndefinedStepException: 
The step 'the guest has a pending reservation' and 2 other step(s) are undefined.
You can implement these steps using the snippet(s) below:

@Given("the guest has a pending reservation")
public void the_guest_has_a_pending_reservation() {
    // Write code here that turns the phrase above into concrete actions
    throw new io.cucumber.java.PendingException();
}
@When("the client calls POST \\/payments with a payment amount")
public void the_client_calls_post_payments_with_a_payment_amount() {
    // Write code here that turns the phrase above into concrete actions
    throw new io.cucumber.java.PendingException();
}
@Then("the payment status is set to processing")
public void the_payment_status_is_set_to_processing() {
    // Write code here that turns the phrase above into concrete actions
    throw new io.cucumber.java.PendingException();
}

	at ✽.the guest has a pending reservation(classpath:com/hotelbay/payment_management.feature:4)
]]></error>
    <system-out><![CDATA[
&amp#27;[1mScenario:&amp#27;[22m Process payment                                      &amp#27;[90m# classpath:com/hotelbay/payment_management.feature:3&amp#27;[39m
  &amp#27;[33m■&amp#27;[39m &amp#27;[33m&amp#27;[1mGiven &amp#27;[22mthe guest has a pending reservation&amp#27;[39m
  &amp#27;[36m↷&amp#27;[39m &amp#27;[36m&amp#27;[1mWhen &amp#27;[22mthe client calls POST /payments with a payment amount&amp#27;[39m
  &amp#27;[36m↷&amp#27;[39m &amp#27;[36m&amp#27;[1mThen &amp#27;[22mthe client receives status code of &amp#27;[1m201&amp#27;[22m&amp#27;[39m                &amp#27;[90m# com.hotelbay.steps.RefundStepDefinition.the_client_receives_status_code_of(java.lang.Integer)&amp#27;[39m
  &amp#27;[36m↷&amp#27;[39m &amp#27;[36m&amp#27;[1mAnd &amp#27;[22mthe payment status is set to processing&amp#27;[39m
]]></system-out>
  </testcase>
  <testcase name="Payment Management - Confirm payment" classname="RunCucumberTest" time="0.009">
    <error message="The step &apos;a payment attempt is successful&apos; and 3 other step(s) are undefined.&#10;You can implement these steps using the snippet(s) below:&#10;&#10;@Given(&quot;a payment attempt is successful&quot;)&#10;public void a_payment_attempt_is_successful() {&#10;    // Write code here that turns the phrase above into concrete actions&#10;    throw new io.cucumber.java.PendingException();&#10;}&#10;@When(&quot;the system calls PUT \\/payments\\/\\{id}\\/confirm&quot;)&#10;public void the_system_calls_put_payments_confirm() {&#10;    // Write code here that turns the phrase above into concrete actions&#10;    throw new io.cucumber.java.PendingException();&#10;}&#10;@Then(&quot;the system returns status code of {int}&quot;)&#10;public void the_system_returns_status_code_of(Integer int1) {&#10;    // Write code here that turns the phrase above into concrete actions&#10;    throw new io.cucumber.java.PendingException();&#10;}&#10;@Then(&quot;the reservation state changes to confirmed&quot;)&#10;public void the_reservation_state_changes_to_confirmed() {&#10;    // Write code here that turns the phrase above into concrete actions&#10;    throw new io.cucumber.java.PendingException();&#10;}&#10;" type="io.cucumber.junit.platform.engine.UndefinedStepException"><![CDATA[io.cucumber.junit.platform.engine.UndefinedStepException: 
The step 'a payment attempt is successful' and 3 other step(s) are undefined.
You can implement these steps using the snippet(s) below:

@Given("a payment attempt is successful")
public void a_payment_attempt_is_successful() {
    // Write code here that turns the phrase above into concrete actions
    throw new io.cucumber.java.PendingException();
}
@When("the system calls PUT \\/payments\\/\\{id}\\/confirm")
public void the_system_calls_put_payments_confirm() {
    // Write code here that turns the phrase above into concrete actions
    throw new io.cucumber.java.PendingException();
}
@Then("the system returns status code of {int}")
public void the_system_returns_status_code_of(Integer int1) {
    // Write code here that turns the phrase above into concrete actions
    throw new io.cucumber.java.PendingException();
}
@Then("the reservation state changes to confirmed")
public void the_reservation_state_changes_to_confirmed() {
    // Write code here that turns the phrase above into concrete actions
    throw new io.cucumber.java.PendingException();
}

	at ✽.a payment attempt is successful(classpath:com/hotelbay/payment_management.feature:10)
]]></error>
    <system-out><![CDATA[
&amp#27;[1mScenario:&amp#27;[22m Confirm payment                            &amp#27;[90m# classpath:com/hotelbay/payment_management.feature:9&amp#27;[39m
  &amp#27;[33m■&amp#27;[39m &amp#27;[33m&amp#27;[1mGiven &amp#27;[22ma payment attempt is successful&amp#27;[39m
  &amp#27;[36m↷&amp#27;[39m &amp#27;[36m&amp#27;[1mWhen &amp#27;[22mthe system calls PUT /payments/{id}/confirm&amp#27;[39m
  &amp#27;[36m↷&amp#27;[39m &amp#27;[36m&amp#27;[1mThen &amp#27;[22mthe system returns status code of 200&amp#27;[39m
  &amp#27;[36m↷&amp#27;[39m &amp#27;[36m&amp#27;[1mAnd &amp#27;[22mthe reservation state changes to confirmed&amp#27;[39m
]]></system-out>
  </testcase>
  <testcase name="Payment Management - Handle payment failure" classname="RunCucumberTest" time="0.003">
    <error message="The step &apos;the client provides invalid payment details&apos; and 2 other step(s) are undefined.&#10;You can implement these steps using the snippet(s) below:&#10;&#10;@Given(&quot;the client provides invalid payment details&quot;)&#10;public void the_client_provides_invalid_payment_details() {&#10;    // Write code here that turns the phrase above into concrete actions&#10;    throw new io.cucumber.java.PendingException();&#10;}&#10;@When(&quot;the client calls POST \\/payments&quot;)&#10;public void the_client_calls_post_payments() {&#10;    // Write code here that turns the phrase above into concrete actions&#10;    throw new io.cucumber.java.PendingException();&#10;}&#10;@Then(&quot;the reservation remains in a pending state&quot;)&#10;public void the_reservation_remains_in_a_pending_state() {&#10;    // Write code here that turns the phrase above into concrete actions&#10;    throw new io.cucumber.java.PendingException();&#10;}&#10;" type="io.cucumber.junit.platform.engine.UndefinedStepException"><![CDATA[io.cucumber.junit.platform.engine.UndefinedStepException: 
The step 'the client provides invalid payment details' and 2 other step(s) are undefined.
You can implement these steps using the snippet(s) below:

@Given("the client provides invalid payment details")
public void the_client_provides_invalid_payment_details() {
    // Write code here that turns the phrase above into concrete actions
    throw new io.cucumber.java.PendingException();
}
@When("the client calls POST \\/payments")
public void the_client_calls_post_payments() {
    // Write code here that turns the phrase above into concrete actions
    throw new io.cucumber.java.PendingException();
}
@Then("the reservation remains in a pending state")
public void the_reservation_remains_in_a_pending_state() {
    // Write code here that turns the phrase above into concrete actions
    throw new io.cucumber.java.PendingException();
}

	at ✽.the client provides invalid payment details(classpath:com/hotelbay/payment_management.feature:16)
]]></error>
    <system-out><![CDATA[
&amp#27;[1mScenario:&amp#27;[22m Handle payment failure                      &amp#27;[90m# classpath:com/hotelbay/payment_management.feature:15&amp#27;[39m
  &amp#27;[33m■&amp#27;[39m &amp#27;[33m&amp#27;[1mGiven &amp#27;[22mthe client provides invalid payment details&amp#27;[39m
  &amp#27;[36m↷&amp#27;[39m &amp#27;[36m&amp#27;[1mWhen &amp#27;[22mthe client calls POST /payments&amp#27;[39m
  &amp#27;[36m↷&amp#27;[39m &amp#27;[36m&amp#27;[1mThen &amp#27;[22mthe client receives status code of &amp#27;[1m400&amp#27;[22m&amp#27;[39m       &amp#27;[90m# com.hotelbay.steps.RefundStepDefinition.the_client_receives_status_code_of(java.lang.Integer)&amp#27;[39m
  &amp#27;[36m↷&amp#27;[39m &amp#27;[36m&amp#27;[1mAnd &amp#27;[22mthe reservation remains in a pending state&amp#27;[39m
]]></system-out>
  </testcase>
  <testcase name="Room Category Management - Create room category" classname="RunCucumberTest" time="0.002">
    <error message="The step &apos;an administrator is authenticated&apos; and 2 other step(s) are undefined.&#10;You can implement these steps using the snippet(s) below:&#10;&#10;@Given(&quot;an administrator is authenticated&quot;)&#10;public void an_administrator_is_authenticated() {&#10;    // Write code here that turns the phrase above into concrete actions&#10;    throw new io.cucumber.java.PendingException();&#10;}&#10;@When(&quot;the administrator creates a new room category such as {string} or {string}&quot;)&#10;public void the_administrator_creates_a_new_room_category_such_as_or(String string, String string2) {&#10;    // Write code here that turns the phrase above into concrete actions&#10;    throw new io.cucumber.java.PendingException();&#10;}&#10;@Then(&quot;the system should store the new category&quot;)&#10;public void the_system_should_store_the_new_category() {&#10;    // Write code here that turns the phrase above into concrete actions&#10;    throw new io.cucumber.java.PendingException();&#10;}&#10;" type="io.cucumber.junit.platform.engine.UndefinedStepException"><![CDATA[io.cucumber.junit.platform.engine.UndefinedStepException: 
The step 'an administrator is authenticated' and 2 other step(s) are undefined.
You can implement these steps using the snippet(s) below:

@Given("an administrator is authenticated")
public void an_administrator_is_authenticated() {
    // Write code here that turns the phrase above into concrete actions
    throw new io.cucumber.java.PendingException();
}
@When("the administrator creates a new room category such as {string} or {string}")
public void the_administrator_creates_a_new_room_category_such_as_or(String string, String string2) {
    // Write code here that turns the phrase above into concrete actions
    throw new io.cucumber.java.PendingException();
}
@Then("the system should store the new category")
public void the_system_should_store_the_new_category() {
    // Write code here that turns the phrase above into concrete actions
    throw new io.cucumber.java.PendingException();
}

	at ✽.an administrator is authenticated(classpath:com/hotelbay/room_category.feature:4)
]]></error>
    <system-out><![CDATA[
&amp#27;[1mScenario:&amp#27;[22m Create room category                                                     &amp#27;[90m# classpath:com/hotelbay/room_category.feature:3&amp#27;[39m
  &amp#27;[33m■&amp#27;[39m &amp#27;[33m&amp#27;[1mGiven &amp#27;[22man administrator is authenticated&amp#27;[39m
  &amp#27;[36m↷&amp#27;[39m &amp#27;[36m&amp#27;[1mWhen &amp#27;[22mthe administrator creates a new room category such as "Single" or "Suite"&amp#27;[39m
  &amp#27;[36m↷&amp#27;[39m &amp#27;[36m&amp#27;[1mThen &amp#27;[22mthe system should store the new category&amp#27;[39m
]]></system-out>
  </testcase>
  <testcase name="Room Category Management - Update room category" classname="RunCucumberTest" time="0.003">
    <error message="The step &apos;a room category exists in the system&apos; and 2 other step(s) are undefined.&#10;You can implement these steps using the snippet(s) below:&#10;&#10;@Given(&quot;a room category exists in the system&quot;)&#10;public void a_room_category_exists_in_the_system() {&#10;    // Write code here that turns the phrase above into concrete actions&#10;    throw new io.cucumber.java.PendingException();&#10;}&#10;@When(&quot;the administrator updates the category name or description&quot;)&#10;public void the_administrator_updates_the_category_name_or_description() {&#10;    // Write code here that turns the phrase above into concrete actions&#10;    throw new io.cucumber.java.PendingException();&#10;}&#10;@Then(&quot;the system should save the updated category information&quot;)&#10;public void the_system_should_save_the_updated_category_information() {&#10;    // Write code here that turns the phrase above into concrete actions&#10;    throw new io.cucumber.java.PendingException();&#10;}&#10;" type="io.cucumber.junit.platform.engine.UndefinedStepException"><![CDATA[io.cucumber.junit.platform.engine.UndefinedStepException: 
The step 'a room category exists in the system' and 2 other step(s) are undefined.
You can implement these steps using the snippet(s) below:

@Given("a room category exists in the system")
public void a_room_category_exists_in_the_system() {
    // Write code here that turns the phrase above into concrete actions
    throw new io.cucumber.java.PendingException();
}
@When("the administrator updates the category name or description")
public void the_administrator_updates_the_category_name_or_description() {
    // Write code here that turns the phrase above into concrete actions
    throw new io.cucumber.java.PendingException();
}
@Then("the system should save the updated category information")
public void the_system_should_save_the_updated_category_information() {
    // Write code here that turns the phrase above into concrete actions
    throw new io.cucumber.java.PendingException();
}

	at ✽.a room category exists in the system(classpath:com/hotelbay/room_category.feature:9)
]]></error>
    <system-out><![CDATA[
&amp#27;[1mScenario:&amp#27;[22m Update room category                                      &amp#27;[90m# classpath:com/hotelbay/room_category.feature:8&amp#27;[39m
  &amp#27;[33m■&amp#27;[39m &amp#27;[33m&amp#27;[1mGiven &amp#27;[22ma room category exists in the system&amp#27;[39m
  &amp#27;[36m↷&amp#27;[39m &amp#27;[36m&amp#27;[1mWhen &amp#27;[22mthe administrator updates the category name or description&amp#27;[39m
  &amp#27;[36m↷&amp#27;[39m &amp#27;[36m&amp#27;[1mThen &amp#27;[22mthe system should save the updated category information&amp#27;[39m
]]></system-out>
  </testcase>
  <testcase name="Room Category Management - Delete room category" classname="RunCucumberTest" time="0.003">
    <error message="The step &apos;a room category exists&apos; and 3 other step(s) are undefined.&#10;You can implement these steps using the snippet(s) below:&#10;&#10;@Given(&quot;a room category exists&quot;)&#10;public void a_room_category_exists() {&#10;    // Write code here that turns the phrase above into concrete actions&#10;    throw new io.cucumber.java.PendingException();&#10;}&#10;@When(&quot;the administrator deletes the category&quot;)&#10;public void the_administrator_deletes_the_category() {&#10;    // Write code here that turns the phrase above into concrete actions&#10;    throw new io.cucumber.java.PendingException();&#10;}&#10;@Then(&quot;the category should be removed from the system&quot;)&#10;public void the_category_should_be_removed_from_the_system() {&#10;    // Write code here that turns the phrase above into concrete actions&#10;    throw new io.cucumber.java.PendingException();&#10;}&#10;@Then(&quot;historical reservation information should remain unaffected&quot;)&#10;public void historical_reservation_information_should_remain_unaffected() {&#10;    // Write code here that turns the phrase above into concrete actions&#10;    throw new io.cucumber.java.PendingException();&#10;}&#10;" type="io.cucumber.junit.platform.engine.UndefinedStepException"><![CDATA[io.cucumber.junit.platform.engine.UndefinedStepException: 
The step 'a room category exists' and 3 other step(s) are undefined.
You can implement these steps using the snippet(s) below:

@Given("a room category exists")
public void a_room_category_exists() {
    // Write code here that turns the phrase above into concrete actions
    throw new io.cucumber.java.PendingException();
}
@When("the administrator deletes the category")
public void the_administrator_deletes_the_category() {
    // Write code here that turns the phrase above into concrete actions
    throw new io.cucumber.java.PendingException();
}
@Then("the category should be removed from the system")
public void the_category_should_be_removed_from_the_system() {
    // Write code here that turns the phrase above into concrete actions
    throw new io.cucumber.java.PendingException();
}
@Then("historical reservation information should remain unaffected")
public void historical_reservation_information_should_remain_unaffected() {
    // Write code here that turns the phrase above into concrete actions
    throw new io.cucumber.java.PendingException();
}

	at ✽.a room category exists(classpath:com/hotelbay/room_category.feature:14)
]]></error>
    <system-out><![CDATA[
&amp#27;[1mScenario:&amp#27;[22m Delete room category                                      &amp#27;[90m# classpath:com/hotelbay/room_category.feature:13&amp#27;[39m
  &amp#27;[33m■&amp#27;[39m &amp#27;[33m&amp#27;[1mGiven &amp#27;[22ma room category exists&amp#27;[39m
  &amp#27;[36m↷&amp#27;[39m &amp#27;[36m&amp#27;[1mWhen &amp#27;[22mthe administrator deletes the category&amp#27;[39m
  &amp#27;[36m↷&amp#27;[39m &amp#27;[36m&amp#27;[1mThen &amp#27;[22mthe category should be removed from the system&amp#27;[39m
  &amp#27;[36m↷&amp#27;[39m &amp#27;[36m&amp#27;[1mAnd &amp#27;[22mhistorical reservation information should remain unaffected&amp#27;[39m
]]></system-out>
  </testcase>
  <testcase name="Room Category Management - List room categories" classname="RunCucumberTest" time="0.003">
    <error message="The step &apos;several room categories exist in the system&apos; and 2 other step(s) are undefined.&#10;You can implement these steps using the snippet(s) below:&#10;&#10;@Given(&quot;several room categories exist in the system&quot;)&#10;public void several_room_categories_exist_in_the_system() {&#10;    // Write code here that turns the phrase above into concrete actions&#10;    throw new io.cucumber.java.PendingException();&#10;}&#10;@When(&quot;a user requests the list of room categories&quot;)&#10;public void a_user_requests_the_list_of_room_categories() {&#10;    // Write code here that turns the phrase above into concrete actions&#10;    throw new io.cucumber.java.PendingException();&#10;}&#10;@Then(&quot;the system should return all available room categories&quot;)&#10;public void the_system_should_return_all_available_room_categories() {&#10;    // Write code here that turns the phrase above into concrete actions&#10;    throw new io.cucumber.java.PendingException();&#10;}&#10;" type="io.cucumber.junit.platform.engine.UndefinedStepException"><![CDATA[io.cucumber.junit.platform.engine.UndefinedStepException: 
The step 'several room categories exist in the system' and 2 other step(s) are undefined.
You can implement these steps using the snippet(s) below:

@Given("several room categories exist in the system")
public void several_room_categories_exist_in_the_system() {
    // Write code here that turns the phrase above into concrete actions
    throw new io.cucumber.java.PendingException();
}
@When("a user requests the list of room categories")
public void a_user_requests_the_list_of_room_categories() {
    // Write code here that turns the phrase above into concrete actions
    throw new io.cucumber.java.PendingException();
}
@Then("the system should return all available room categories")
public void the_system_should_return_all_available_room_categories() {
    // Write code here that turns the phrase above into concrete actions
    throw new io.cucumber.java.PendingException();
}

	at ✽.several room categories exist in the system(classpath:com/hotelbay/room_category.feature:20)
]]></error>
    <system-out><![CDATA[
&amp#27;[1mScenario:&amp#27;[22m List room categories                                  &amp#27;[90m# classpath:com/hotelbay/room_category.feature:19&amp#27;[39m
  &amp#27;[33m■&amp#27;[39m &amp#27;[33m&amp#27;[1mGiven &amp#27;[22mseveral room categories exist in the system&amp#27;[39m
  &amp#27;[36m↷&amp#27;[39m &amp#27;[36m&amp#27;[1mWhen &amp#27;[22ma user requests the list of room categories&amp#27;[39m
  &amp#27;[36m↷&amp#27;[39m &amp#27;[36m&amp#27;[1mThen &amp#27;[22mthe system should return all available room categories&amp#27;[39m
]]></system-out>
  </testcase>
  <testcase name="Room Management - Create room" classname="RunCucumberTest" time="0.005">
    <error message="The step &apos;a hotel exists in the system&apos; and 3 other step(s) are undefined.&#10;You can implement these steps using the snippet(s) below:&#10;&#10;@Given(&quot;a hotel exists in the system&quot;)&#10;public void a_hotel_exists_in_the_system() {&#10;    // Write code here that turns the phrase above into concrete actions&#10;    throw new io.cucumber.java.PendingException();&#10;}&#10;@When(&quot;an administrator adds a new room with identifier, type, capacity, and price&quot;)&#10;public void an_administrator_adds_a_new_room_with_identifier_type_capacity_and_price() {&#10;    // Write code here that turns the phrase above into concrete actions&#10;    throw new io.cucumber.java.PendingException();&#10;}&#10;@Then(&quot;the system should store the room information&quot;)&#10;public void the_system_should_store_the_room_information() {&#10;    // Write code here that turns the phrase above into concrete actions&#10;    throw new io.cucumber.java.PendingException();&#10;}&#10;@Then(&quot;associate the room with the hotel&quot;)&#10;public void associate_the_room_with_the_hotel() {&#10;    // Write code here that turns the phrase above into concrete actions&#10;    throw new io.cucumber.java.PendingException();&#10;}&#10;" type="io.cucumber.junit.platform.engine.UndefinedStepException"><![CDATA[io.cucumber.junit.platform.engine.UndefinedStepException: 
The step 'a hotel exists in the system' and 3 other step(s) are undefined.
You can implement these steps using the snippet(s) below:

@Given("a hotel exists in the system")
public void a_hotel_exists_in_the_system() {
    // Write code here that turns the phrase above into concrete actions
    throw new io.cucumber.java.PendingException();
}
@When("an administrator adds a new room with identifier, type, capacity, and price")
public void an_administrator_adds_a_new_room_with_identifier_type_capacity_and_price() {
    // Write code here that turns the phrase above into concrete actions
    throw new io.cucumber.java.PendingException();
}
@Then("the system should store the room information")
public void the_system_should_store_the_room_information() {
    // Write code here that turns the phrase above into concrete actions
    throw new io.cucumber.java.PendingException();
}
@Then("associate the room with the hotel")
public void associate_the_room_with_the_hotel() {
    // Write code here that turns the phrase above into concrete actions
    throw new io.cucumber.java.PendingException();
}

	at ✽.a hotel exists in the system(classpath:com/hotelbay/room_managemant.feature:4)
]]></error>
    <system-out><![CDATA[
&amp#27;[1mScenario:&amp#27;[22m Create room                                                                &amp#27;[90m# classpath:com/hotelbay/room_managemant.feature:3&amp#27;[39m
  &amp#27;[33m■&amp#27;[39m &amp#27;[33m&amp#27;[1mGiven &amp#27;[22ma hotel exists in the system&amp#27;[39m
  &amp#27;[36m↷&amp#27;[39m &amp#27;[36m&amp#27;[1mWhen &amp#27;[22man administrator adds a new room with identifier, type, capacity, and price&amp#27;[39m
  &amp#27;[36m↷&amp#27;[39m &amp#27;[36m&amp#27;[1mThen &amp#27;[22mthe system should store the room information&amp#27;[39m
  &amp#27;[36m↷&amp#27;[39m &amp#27;[36m&amp#27;[1mAnd &amp#27;[22massociate the room with the hotel&amp#27;[39m
]]></system-out>
  </testcase>
  <testcase name="Room Management - Update room information" classname="RunCucumberTest" time="0.003">
    <error message="The step &apos;a room exists in a hotel&apos; and 2 other step(s) are undefined.&#10;You can implement these steps using the snippet(s) below:&#10;&#10;@Given(&quot;a room exists in a hotel&quot;)&#10;public void a_room_exists_in_a_hotel() {&#10;    // Write code here that turns the phrase above into concrete actions&#10;    throw new io.cucumber.java.PendingException();&#10;}&#10;@When(&quot;the administrator updates the room description or price&quot;)&#10;public void the_administrator_updates_the_room_description_or_price() {&#10;    // Write code here that turns the phrase above into concrete actions&#10;    throw new io.cucumber.java.PendingException();&#10;}&#10;@Then(&quot;the system should save the updated room information&quot;)&#10;public void the_system_should_save_the_updated_room_information() {&#10;    // Write code here that turns the phrase above into concrete actions&#10;    throw new io.cucumber.java.PendingException();&#10;}&#10;" type="io.cucumber.junit.platform.engine.UndefinedStepException"><![CDATA[io.cucumber.junit.platform.engine.UndefinedStepException: 
The step 'a room exists in a hotel' and 2 other step(s) are undefined.
You can implement these steps using the snippet(s) below:

@Given("a room exists in a hotel")
public void a_room_exists_in_a_hotel() {
    // Write code here that turns the phrase above into concrete actions
    throw new io.cucumber.java.PendingException();
}
@When("the administrator updates the room description or price")
public void the_administrator_updates_the_room_description_or_price() {
    // Write code here that turns the phrase above into concrete actions
    throw new io.cucumber.java.PendingException();
}
@Then("the system should save the updated room information")
public void the_system_should_save_the_updated_room_information() {
    // Write code here that turns the phrase above into concrete actions
    throw new io.cucumber.java.PendingException();
}

	at ✽.a room exists in a hotel(classpath:com/hotelbay/room_managemant.feature:10)
]]></error>
    <system-out><![CDATA[
&amp#27;[1mScenario:&amp#27;[22m Update room information                                &amp#27;[90m# classpath:com/hotelbay/room_managemant.feature:9&amp#27;[39m
  &amp#27;[33m■&amp#27;[39m &amp#27;[33m&amp#27;[1mGiven &amp#27;[22ma room exists in a hotel&amp#27;[39m
  &amp#27;[36m↷&amp#27;[39m &amp#27;[36m&amp#27;[1mWhen &amp#27;[22mthe administrator updates the room description or price&amp#27;[39m
  &amp#27;[36m↷&amp#27;[39m &amp#27;[36m&amp#27;[1mThen &amp#27;[22mthe system should save the updated room information&amp#27;[39m
]]></system-out>
  </testcase>
  <testcase name="Room Management - Delete room" classname="RunCucumberTest" time="0.002">
    <error message="The step &apos;a room exists in a hotel&apos; and 3 other step(s) are undefined.&#10;You can implement these steps using the snippet(s) below:&#10;&#10;@Given(&quot;a room exists in a hotel&quot;)&#10;public void a_room_exists_in_a_hotel() {&#10;    // Write code here that turns the phrase above into concrete actions&#10;    throw new io.cucumber.java.PendingException();&#10;}&#10;@When(&quot;the administrator deletes the room&quot;)&#10;public void the_administrator_deletes_the_room() {&#10;    // Write code here that turns the phrase above into concrete actions&#10;    throw new io.cucumber.java.PendingException();&#10;}&#10;@Then(&quot;the room should be removed from the list of available rooms&quot;)&#10;public void the_room_should_be_removed_from_the_list_of_available_rooms() {&#10;    // Write code here that turns the phrase above into concrete actions&#10;    throw new io.cucumber.java.PendingException();&#10;}&#10;@Then(&quot;past reservations should remain recorded&quot;)&#10;public void past_reservations_should_remain_recorded() {&#10;    // Write code here that turns the phrase above into concrete actions&#10;    throw new io.cucumber.java.PendingException();&#10;}&#10;" type="io.cucumber.junit.platform.engine.UndefinedStepException"><![CDATA[io.cucumber.junit.platform.engine.UndefinedStepException: 
The step 'a room exists in a hotel' and 3 other step(s) are undefined.
You can implement these steps using the snippet(s) below:

@Given("a room exists in a hotel")
public void a_room_exists_in_a_hotel() {
    // Write code here that turns the phrase above into concrete actions
    throw new io.cucumber.java.PendingException();
}
@When("the administrator deletes the room")
public void the_administrator_deletes_the_room() {
    // Write code here that turns the phrase above into concrete actions
    throw new io.cucumber.java.PendingException();
}
@Then("the room should be removed from the list of available rooms")
public void the_room_should_be_removed_from_the_list_of_available_rooms() {
    // Write code here that turns the phrase above into concrete actions
    throw new io.cucumber.java.PendingException();
}
@Then("past reservations should remain recorded")
public void past_reservations_should_remain_recorded() {
    // Write code here that turns the phrase above into concrete actions
    throw new io.cucumber.java.PendingException();
}

	at ✽.a room exists in a hotel(classpath:com/hotelbay/room_managemant.feature:15)
]]></error>
    <system-out><![CDATA[
&amp#27;[1mScenario:&amp#27;[22m Delete room                                                &amp#27;[90m# classpath:com/hotelbay/room_managemant.feature:14&amp#27;[39m
  &amp#27;[33m■&amp#27;[39m &amp#27;[33m&amp#27;[1mGiven &amp#27;[22ma room exists in a hotel&amp#27;[39m
  &amp#27;[36m↷&amp#27;[39m &amp#27;[36m&amp#27;[1mWhen &amp#27;[22mthe administrator deletes the room&amp#27;[39m
  &amp#27;[36m↷&amp#27;[39m &amp#27;[36m&amp#27;[1mThen &amp#27;[22mthe room should be removed from the list of available rooms&amp#27;[39m
  &amp#27;[36m↷&amp#27;[39m &amp#27;[36m&amp#27;[1mAnd &amp#27;[22mpast reservations should remain recorded&amp#27;[39m
]]></system-out>
  </testcase>
  <testcase name="Room Management - Search rooms" classname="RunCucumberTest" time="0.004">
    <error message="The step &apos;multiple hotels and rooms exist in the system&apos; and 2 other step(s) are undefined.&#10;You can implement these steps using the snippet(s) below:&#10;&#10;@Given(&quot;multiple hotels and rooms exist in the system&quot;)&#10;public void multiple_hotels_and_rooms_exist_in_the_system() {&#10;    // Write code here that turns the phrase above into concrete actions&#10;    throw new io.cucumber.java.PendingException();&#10;}&#10;@When(&quot;a user searches for rooms using filters such as location, category, price, and dates&quot;)&#10;public void a_user_searches_for_rooms_using_filters_such_as_location_category_price_and_dates() {&#10;    // Write code here that turns the phrase above into concrete actions&#10;    throw new io.cucumber.java.PendingException();&#10;}&#10;@Then(&quot;the system should return rooms that match the search criteria and are available&quot;)&#10;public void the_system_should_return_rooms_that_match_the_search_criteria_and_are_available() {&#10;    // Write code here that turns the phrase above into concrete actions&#10;    throw new io.cucumber.java.PendingException();&#10;}&#10;" type="io.cucumber.junit.platform.engine.UndefinedStepException"><![CDATA[io.cucumber.junit.platform.engine.UndefinedStepException: 
The step 'multiple hotels and rooms exist in the system' and 2 other step(s) are undefined.
You can implement these steps using the snippet(s) below:

@Given("multiple hotels and rooms exist in the system")
public void multiple_hotels_and_rooms_exist_in_the_system() {
    // Write code here that turns the phrase above into concrete actions
    throw new io.cucumber.java.PendingException();
}
@When("a user searches for rooms using filters such as location, category, price, and dates")
public void a_user_searches_for_rooms_using_filters_such_as_location_category_price_and_dates() {
    // Write code here that turns the phrase above into concrete actions
    throw new io.cucumber.java.PendingException();
}
@Then("the system should return rooms that match the search criteria and are available")
public void the_system_should_return_rooms_that_match_the_search_criteria_and_are_available() {
    // Write code here that turns the phrase above into concrete actions
    throw new io.cucumber.java.PendingException();
}

	at ✽.multiple hotels and rooms exist in the system(classpath:com/hotelbay/room_managemant.feature:21)
]]></error>
    <system-out><![CDATA[
&amp#27;[1mScenario:&amp#27;[22m Search rooms                                                                        &amp#27;[90m# classpath:com/hotelbay/room_managemant.feature:20&amp#27;[39m
  &amp#27;[33m■&amp#27;[39m &amp#27;[33m&amp#27;[1mGiven &amp#27;[22mmultiple hotels and rooms exist in the system&amp#27;[39m
  &amp#27;[36m↷&amp#27;[39m &amp#27;[36m&amp#27;[1mWhen &amp#27;[22ma user searches for rooms using filters such as location, category, price, and dates&amp#27;[39m
  &amp#27;[36m↷&amp#27;[39m &amp#27;[36m&amp#27;[1mThen &amp#27;[22mthe system should return rooms that match the search criteria and are available&amp#27;[39m
]]></system-out>
  </testcase>
  <testcase name="Room Management - View room details" classname="RunCucumberTest" time="0.003">
    <error message="The step &apos;a room exists in the system&apos; and 2 other step(s) are undefined.&#10;You can implement these steps using the snippet(s) below:&#10;&#10;@Given(&quot;a room exists in the system&quot;)&#10;public void a_room_exists_in_the_system() {&#10;    // Write code here that turns the phrase above into concrete actions&#10;    throw new io.cucumber.java.PendingException();&#10;}&#10;@When(&quot;a user requests the room details&quot;)&#10;public void a_user_requests_the_room_details() {&#10;    // Write code here that turns the phrase above into concrete actions&#10;    throw new io.cucumber.java.PendingException();&#10;}&#10;@Then(&quot;the system should return the room type, capacity, price, and description&quot;)&#10;public void the_system_should_return_the_room_type_capacity_price_and_description() {&#10;    // Write code here that turns the phrase above into concrete actions&#10;    throw new io.cucumber.java.PendingException();&#10;}&#10;" type="io.cucumber.junit.platform.engine.UndefinedStepException"><![CDATA[io.cucumber.junit.platform.engine.UndefinedStepException: 
The step 'a room exists in the system' and 2 other step(s) are undefined.
You can implement these steps using the snippet(s) below:

@Given("a room exists in the system")
public void a_room_exists_in_the_system() {
    // Write code here that turns the phrase above into concrete actions
    throw new io.cucumber.java.PendingException();
}
@When("a user requests the room details")
public void a_user_requests_the_room_details() {
    // Write code here that turns the phrase above into concrete actions
    throw new io.cucumber.java.PendingException();
}
@Then("the system should return the room type, capacity, price, and description")
public void the_system_should_return_the_room_type_capacity_price_and_description() {
    // Write code here that turns the phrase above into concrete actions
    throw new io.cucumber.java.PendingException();
}

	at ✽.a room exists in the system(classpath:com/hotelbay/room_managemant.feature:26)
]]></error>
    <system-out><![CDATA[
&amp#27;[1mScenario:&amp#27;[22m View room details                                                       &amp#27;[90m# classpath:com/hotelbay/room_managemant.feature:25&amp#27;[39m
  &amp#27;[33m■&amp#27;[39m &amp#27;[33m&amp#27;[1mGiven &amp#27;[22ma room exists in the system&amp#27;[39m
  &amp#27;[36m↷&amp#27;[39m &amp#27;[36m&amp#27;[1mWhen &amp#27;[22ma user requests the room details&amp#27;[39m
  &amp#27;[36m↷&amp#27;[39m &amp#27;[36m&amp#27;[1mThen &amp#27;[22mthe system should return the room type, capacity, price, and description&amp#27;[39m
]]></system-out>
  </testcase>
  <testcase name="User Authentication - User registration" classname="RunCucumberTest" time="0.004">
    <error message="The step &apos;the client provides valid registration details&apos; and 2 other step(s) are undefined.&#10;You can implement these steps using the snippet(s) below:&#10;&#10;@Given(&quot;the client provides valid registration details&quot;)&#10;public void the_client_provides_valid_registration_details() {&#10;    // Write code here that turns the phrase above into concrete actions&#10;    throw new io.cucumber.java.PendingException();&#10;}&#10;@When(&quot;the client calls POST \\/users\\/register&quot;)&#10;public void the_client_calls_post_users_register() {&#10;    // Write code here that turns the phrase above into concrete actions&#10;    throw new io.cucumber.java.PendingException();&#10;}&#10;@Then(&quot;a new user account is created&quot;)&#10;public void a_new_user_account_is_created() {&#10;    // Write code here that turns the phrase above into concrete actions&#10;    throw new io.cucumber.java.PendingException();&#10;}&#10;" type="io.cucumber.junit.platform.engine.UndefinedStepException"><![CDATA[io.cucumber.junit.platform.engine.UndefinedStepException: 
The step 'the client provides valid registration details' and 2 other step(s) are undefined.
You can implement these steps using the snippet(s) below:

@Given("the client provides valid registration details")
public void the_client_provides_valid_registration_details() {
    // Write code here that turns the phrase above into concrete actions
    throw new io.cucumber.java.PendingException();
}
@When("the client calls POST \\/users\\/register")
public void the_client_calls_post_users_register() {
    // Write code here that turns the phrase above into concrete actions
    throw new io.cucumber.java.PendingException();
}
@Then("a new user account is created")
public void a_new_user_account_is_created() {
    // Write code here that turns the phrase above into concrete actions
    throw new io.cucumber.java.PendingException();
}

	at ✽.the client provides valid registration details(classpath:com/hotelbay/user_authentication.feature:4)
]]></error>
    <system-out><![CDATA[
&amp#27;[1mScenario:&amp#27;[22m User registration                              &amp#27;[90m# classpath:com/hotelbay/user_authentication.feature:3&amp#27;[39m
  &amp#27;[33m■&amp#27;[39m &amp#27;[33m&amp#27;[1mGiven &amp#27;[22mthe client provides valid registration details&amp#27;[39m
  &amp#27;[36m↷&amp#27;[39m &amp#27;[36m&amp#27;[1mWhen &amp#27;[22mthe client calls POST /users/register&amp#27;[39m
  &amp#27;[36m↷&amp#27;[39m &amp#27;[36m&amp#27;[1mThen &amp#27;[22mthe client receives status code of &amp#27;[1m201&amp#27;[22m&amp#27;[39m          &amp#27;[90m# com.hotelbay.steps.RefundStepDefinition.the_client_receives_status_code_of(java.lang.Integer)&amp#27;[39m
  &amp#27;[36m↷&amp#27;[39m &amp#27;[36m&amp#27;[1mAnd &amp#27;[22ma new user account is created&amp#27;[39m
]]></system-out>
  </testcase>
  <testcase name="User Authentication - User login" classname="RunCucumberTest" time="0.006">
    <error message="The step &apos;the client provides valid login credentials&apos; and 2 other step(s) are undefined.&#10;You can implement these steps using the snippet(s) below:&#10;&#10;@Given(&quot;the client provides valid login credentials&quot;)&#10;public void the_client_provides_valid_login_credentials() {&#10;    // Write code here that turns the phrase above into concrete actions&#10;    throw new io.cucumber.java.PendingException();&#10;}&#10;@When(&quot;the client calls POST \\/users\\/login&quot;)&#10;public void the_client_calls_post_users_login() {&#10;    // Write code here that turns the phrase above into concrete actions&#10;    throw new io.cucumber.java.PendingException();&#10;}&#10;@Then(&quot;the system returns an authentication token&quot;)&#10;public void the_system_returns_an_authentication_token() {&#10;    // Write code here that turns the phrase above into concrete actions&#10;    throw new io.cucumber.java.PendingException();&#10;}&#10;" type="io.cucumber.junit.platform.engine.UndefinedStepException"><![CDATA[io.cucumber.junit.platform.engine.UndefinedStepException: 
The step 'the client provides valid login credentials' and 2 other step(s) are undefined.
You can implement these steps using the snippet(s) below:

@Given("the client provides valid login credentials")
public void the_client_provides_valid_login_credentials() {
    // Write code here that turns the phrase above into concrete actions
    throw new io.cucumber.java.PendingException();
}
@When("the client calls POST \\/users\\/login")
public void the_client_calls_post_users_login() {
    // Write code here that turns the phrase above into concrete actions
    throw new io.cucumber.java.PendingException();
}
@Then("the system returns an authentication token")
public void the_system_returns_an_authentication_token() {
    // Write code here that turns the phrase above into concrete actions
    throw new io.cucumber.java.PendingException();
}

	at ✽.the client provides valid login credentials(classpath:com/hotelbay/user_authentication.feature:10)
]]></error>
    <system-out><![CDATA[
&amp#27;[1mScenario:&amp#27;[22m User login                                  &amp#27;[90m# classpath:com/hotelbay/user_authentication.feature:9&amp#27;[39m
  &amp#27;[33m■&amp#27;[39m &amp#27;[33m&amp#27;[1mGiven &amp#27;[22mthe client provides valid login credentials&amp#27;[39m
  &amp#27;[36m↷&amp#27;[39m &amp#27;[36m&amp#27;[1mWhen &amp#27;[22mthe client calls POST /users/login&amp#27;[39m
  &amp#27;[36m↷&amp#27;[39m &amp#27;[36m&amp#27;[1mThen &amp#27;[22mthe client receives status code of &amp#27;[1m200&amp#27;[22m&amp#27;[39m       &amp#27;[90m# com.hotelbay.steps.RefundStepDefinition.the_client_receives_status_code_of(java.lang.Integer)&amp#27;[39m
  &amp#27;[36m↷&amp#27;[39m &amp#27;[36m&amp#27;[1mAnd &amp#27;[22mthe system returns an authentication token&amp#27;[39m
]]></system-out>
  </testcase>
  <testcase name="User Authentication - User logout" classname="RunCucumberTest" time="0.004">
    <error message="The step &apos;the client is logged in&apos; and 2 other step(s) are undefined.&#10;You can implement these steps using the snippet(s) below:&#10;&#10;@Given(&quot;the client is logged in&quot;)&#10;public void the_client_is_logged_in() {&#10;    // Write code here that turns the phrase above into concrete actions&#10;    throw new io.cucumber.java.PendingException();&#10;}&#10;@When(&quot;the client calls POST \\/users\\/logout&quot;)&#10;public void the_client_calls_post_users_logout() {&#10;    // Write code here that turns the phrase above into concrete actions&#10;    throw new io.cucumber.java.PendingException();&#10;}&#10;@Then(&quot;the authentication token is invalidated&quot;)&#10;public void the_authentication_token_is_invalidated() {&#10;    // Write code here that turns the phrase above into concrete actions&#10;    throw new io.cucumber.java.PendingException();&#10;}&#10;" type="io.cucumber.junit.platform.engine.UndefinedStepException"><![CDATA[io.cucumber.junit.platform.engine.UndefinedStepException: 
The step 'the client is logged in' and 2 other step(s) are undefined.
You can implement these steps using the snippet(s) below:

@Given("the client is logged in")
public void the_client_is_logged_in() {
    // Write code here that turns the phrase above into concrete actions
    throw new io.cucumber.java.PendingException();
}
@When("the client calls POST \\/users\\/logout")
public void the_client_calls_post_users_logout() {
    // Write code here that turns the phrase above into concrete actions
    throw new io.cucumber.java.PendingException();
}
@Then("the authentication token is invalidated")
public void the_authentication_token_is_invalidated() {
    // Write code here that turns the phrase above into concrete actions
    throw new io.cucumber.java.PendingException();
}

	at ✽.the client is logged in(classpath:com/hotelbay/user_authentication.feature:16)
]]></error>
    <system-out><![CDATA[
&amp#27;[1mScenario:&amp#27;[22m User logout                           &amp#27;[90m# classpath:com/hotelbay/user_authentication.feature:15&amp#27;[39m
  &amp#27;[33m■&amp#27;[39m &amp#27;[33m&amp#27;[1mGiven &amp#27;[22mthe client is logged in&amp#27;[39m
  &amp#27;[36m↷&amp#27;[39m &amp#27;[36m&amp#27;[1mWhen &amp#27;[22mthe client calls POST /users/logout&amp#27;[39m
  &amp#27;[36m↷&amp#27;[39m &amp#27;[36m&amp#27;[1mThen &amp#27;[22mthe client receives status code of &amp#27;[1m200&amp#27;[22m&amp#27;[39m &amp#27;[90m# com.hotelbay.steps.RefundStepDefinition.the_client_receives_status_code_of(java.lang.Integer)&amp#27;[39m
  &amp#27;[36m↷&amp#27;[39m &amp#27;[36m&amp#27;[1mAnd &amp#27;[22mthe authentication token is invalidated&amp#27;[39m
]]></system-out>
  </testcase>
</testsuite>